Vivado Simulator 2019.2
Copyright 1986-1999, 2001-2019 Xilinx, Inc. All Rights Reserved.
Running: C:/Xilinx/Vivado/2019.2/bin/unwrapped/win64.o/xelab.exe -wto fd24335ab3454546b3e52517bd6cba14 --incr --debug typical --relax --mt 2 -L xil_defaultlib -L unisims_ver -L secureip --snapshot testbench_func_synth xil_defaultlib.testbench xil_defaultlib.glbl -log elaborate.log 
Using 2 slave threads.
Starting static elaboration
Pass Through NonSizing Optimizer
WARNING: [VRFC 10-3755] too many parameters for module instance 'tb' [D:/GitHub/VBTech/VBTech/FIFO/FIFO.srcs/sim_1/new/testbench.v:26]
Completed static elaboration
Starting simulation data flow analysis
Completed simulation data flow analysis
Time Resolution for simulation is 1ps
Compiling module unisims_ver.BUFGCE(CE_TYPE="ASYNC",SIM_DEVIC...
Compiling module unisims_ver.IBUF
Compiling module unisims_ver.OBUF
Compiling module unisims_ver.LUT4
Compiling module unisims_ver.LUT6
Compiling module unisims_ver.LUT5
Compiling module unisims_ver.x_lut2_mux4
Compiling module unisims_ver.LUT2
Compiling module unisims_ver.x_lut3_mux8
Compiling module unisims_ver.LUT3
Compiling module unisims_ver.FDRE_default
Compiling module xil_defaultlib.status_signal
Compiling module unisims_ver.RAMB18E2(CLOCK_DOMAINS="COMMON",...
Compiling module xil_defaultlib.ram
Compiling module xil_defaultlib.fifo
Compiling module xil_defaultlib.testbench
Compiling module xil_defaultlib.glbl
Built simulation snapshot testbench_func_synth
