xilinx rtfpga
INFO: [Synth 8-4471] merging register 'cnt_reg_reg[15:0]' into 'cnt_reg_reg[15:0]' [D:/GitHub/VBTech/VBTech/BISTEthernetPacket/BISTEthernetPacket.srcs/sources_1/new/receiver.v:127]
WARNING: [Synth 8-3917] design receiver__GCB1 has port P[19] driven by constant 0
WARNING: [Synth 8-3917] design receiver__GCB1 has port P[2] driven by constant 0
WARNING: [Synth 8-3917] design receiver__GCB1 has port P[1] driven by constant 0
WARNING: [Synth 8-3917] design receiver__GCB1 has port P[0] driven by constant 0
WARNING: [Synth 8-3917] design receiver__GCB1 has port O57[19] driven by constant 0
WARNING: [Synth 8-3917] design receiver__GCB1 has port O57[2] driven by constant 0
WARNING: [Synth 8-3917] design receiver__GCB1 has port O57[1] driven by constant 0
WARNING: [Synth 8-3917] design receiver__GCB1 has port O57[0] driven by constant 0
INFO: [Synth 8-3886] merging instance 'counter_reg_reg[0]__0' (FDRE) to 'counter_reg_reg[0]'
INFO: [Synth 8-3886] merging instance 'counter_reg_reg[1]__0' (FDRE) to 'counter_reg_reg[1]'
INFO: [Synth 8-3886] merging instance 'counter_reg_reg[2]__0' (FDRE) to 'counter_reg_reg[2]'
INFO: [Synth 8-3886] merging instance 'counter_reg_reg[3]__0' (FDRE) to 'counter_reg_reg[3]'
INFO: [Synth 8-3886] merging instance 'counter_reg_reg[4]__0' (FDRE) to 'counter_reg_reg[4]'
INFO: [Synth 8-3886] merging instance 'counter_reg_reg[5]__0' (FDRE) to 'counter_reg_reg[5]'
INFO: [Synth 8-3886] merging instance 'counter_reg_reg[6]__0' (FDRE) to 'counter_reg_reg[6]'
INFO: [Synth 8-3886] merging instance 'counter_reg_reg[7]__0' (FDRE) to 'counter_reg_reg[7]'
INFO: [Synth 8-3886] merging instance 'counter_reg_reg[8]__0' (FDRE) to 'counter_reg_reg[8]'
INFO: [Synth 8-3886] merging instance 'counter_reg_reg[9]__0' (FDRE) to 'counter_reg_reg[9]'
INFO: [Synth 8-3886] merging instance 'counter_reg_reg[10]__0' (FDRE) to 'counter_reg_reg[10]'
INFO: [Synth 8-3886] merging instance 'counter_reg_reg[11]__0' (FDRE) to 'counter_reg_reg[11]'
INFO: [Synth 8-3886] merging instance 'counter_reg_reg[12]__0' (FDRE) to 'counter_reg_reg[12]'
INFO: [Synth 8-3886] merging instance 'counter_reg_reg[13]__0' (FDRE) to 'counter_reg_reg[13]'
INFO: [Synth 8-3886] merging instance 'counter_reg_reg[14]__0' (FDRE) to 'counter_reg_reg[14]'
INFO: [Synth 8-3886] merging instance 'counter_reg_reg[15]__0' (FDRE) to 'counter_reg_reg[15]'
