xilinx rtfpga
WARNING: [Synth 8-3917] design transmitter__GCB15 has port P[19] driven by constant 0
WARNING: [Synth 8-3917] design transmitter__GCB15 has port P[2] driven by constant 0
WARNING: [Synth 8-3917] design transmitter__GCB15 has port P[1] driven by constant 0
WARNING: [Synth 8-3917] design transmitter__GCB15 has port P[0] driven by constant 0
INFO: [Synth 8-3886] merging instance 'frame_num_reg[12]' (LD) to 'frame_num_reg[13]'
INFO: [Synth 8-3886] merging instance 'frame_num_reg[13]' (LD) to 'frame_num_reg[14]'
INFO: [Synth 8-3886] merging instance 'frame_num_reg[14]' (LD) to 'frame_num_reg[15]'
INFO: [Synth 8-3886] merging instance 'counter_reg_reg[0]__0' (FDRE) to 'counter_reg_reg[0]'
INFO: [Synth 8-3886] merging instance 'counter_reg_reg[1]__0' (FDRE) to 'counter_reg_reg[1]'
INFO: [Synth 8-3886] merging instance 'counter_reg_reg[2]__0' (FDRE) to 'counter_reg_reg[2]'
INFO: [Synth 8-3886] merging instance 'counter_reg_reg[3]__0' (FDRE) to 'counter_reg_reg[3]'
INFO: [Synth 8-3886] merging instance 'counter_reg_reg[4]__0' (FDRE) to 'counter_reg_reg[4]'
INFO: [Synth 8-3886] merging instance 'counter_reg_reg[5]__0' (FDRE) to 'counter_reg_reg[5]'
INFO: [Synth 8-3886] merging instance 'counter_reg_reg[6]__0' (FDRE) to 'counter_reg_reg[6]'
INFO: [Synth 8-3886] merging instance 'counter_reg_reg[7]__0' (FDRE) to 'counter_reg_reg[7]'
INFO: [Synth 8-3886] merging instance 'counter_reg_reg[8]__0' (FDRE) to 'counter_reg_reg[8]'
INFO: [Synth 8-3886] merging instance 'counter_reg_reg[9]__0' (FDRE) to 'counter_reg_reg[9]'
INFO: [Synth 8-3886] merging instance 'counter_reg_reg[10]__0' (FDRE) to 'counter_reg_reg[10]'
INFO: [Synth 8-3886] merging instance 'counter_reg_reg[11]__0' (FDRE) to 'counter_reg_reg[11]'
INFO: [Synth 8-3886] merging instance 'counter_reg_reg[12]__0' (FDRE) to 'counter_reg_reg[12]'
INFO: [Synth 8-3886] merging instance 'counter_reg_reg[13]__0' (FDRE) to 'counter_reg_reg[13]'
INFO: [Synth 8-3886] merging instance 'counter_reg_reg[14]__0' (FDRE) to 'counter_reg_reg[14]'
INFO: [Synth 8-3886] merging instance 'counter_reg_reg[15]__0' (FDRE) to 'counter_reg_reg[15]'
INFO: [Synth 8-3886] merging instance 'pkt_cnt_out_reg_reg[6]' (FDRE) to 'pkt_cnt_out_reg_reg[15]'
INFO: [Synth 8-3886] merging instance 'pkt_cnt_out_reg_reg[7]' (FDRE) to 'pkt_cnt_out_reg_reg[15]'
INFO: [Synth 8-3886] merging instance 'pkt_cnt_out_reg_reg[8]' (FDRE) to 'pkt_cnt_out_reg_reg[15]'
INFO: [Synth 8-3886] merging instance 'pkt_cnt_out_reg_reg[9]' (FDRE) to 'pkt_cnt_out_reg_reg[15]'
INFO: [Synth 8-3886] merging instance 'pkt_cnt_out_reg_reg[10]' (FDRE) to 'pkt_cnt_out_reg_reg[15]'
INFO: [Synth 8-3886] merging instance 'pkt_cnt_out_reg_reg[11]' (FDRE) to 'pkt_cnt_out_reg_reg[15]'
INFO: [Synth 8-3886] merging instance 'pkt_cnt_out_reg_reg[12]' (FDRE) to 'pkt_cnt_out_reg_reg[15]'
INFO: [Synth 8-3886] merging instance 'pkt_cnt_out_reg_reg[13]' (FDRE) to 'pkt_cnt_out_reg_reg[15]'
INFO: [Synth 8-3886] merging instance 'pkt_cnt_out_reg_reg[14]' (FDRE) to 'pkt_cnt_out_reg_reg[15]'
INFO: [Synth 8-3333] propagating constant 0 across sequential element (\pkt_cnt_out_reg_reg[15] )
