Vivado Simulator 2019.2
Time resolution is 1 ps
----------------------------------------------
------------------   -----------------------
----------- SIMULATION RESULT ----------------
--------------       -------------------
----------------     ---------------------
----------------------------------------------
TIME =                    0, Read = 0, Write = 0, In = 00
TIME =                    9, Read = 0, Write = 1, In = 24
TIME =                   16, Read = 0, Write = 1, In = 81
TIME =                   20, Read = 0, Write = 1, In = 09
TIME =                   23, Read = 0, Write = 1, In = 63
TIME =                   30, Read = 0, Write = 1, In = 0d
TIME =                   34, Read = 0, Write = 1, In = 8d
TIME =                   37, Read = 0, Write = 1, In = 65
TIME =                   44, Read = 0, Write = 1, In = 12
TIME =                   47, Read = 0, Write = 1, In = 01
TIME =                   52, Read = 0, Write = 1, In = 0d
TIME =                   54, Read = 0, Write = 1, In = 76
TIME =                   61, Read = 0, Write = 1, In = 3d
TIME =                   62, Read = 0, Write = 1, In = ed
TIME =                   68, Read = 0, Write = 1, In = 8c
TIME =                   71, Read = 0, Write = 1, In = f9
TIME =                   76, Read = 0, Write = 1, In = c6
TIME =                   84, Read = 1, Write = 0, In = c6
TIME =                   95, Read = 0, Write = 1, In = c5
TIME =                   96, Read = 0, Write = 1, In = aa
TIME =                  102, Read = 0, Write = 1, In = e5
TIME =                  109, Read = 0, Write = 1, In = 77
TIME =                  112, Read = 1, Write = 0, In = 77
TIME =                  177, Read = 0, Write = 0, In = 77
TIME =                  190, Read = 0, Write = 1, In = 12
TIME =                  197, Read = 0, Write = 1, In = 8f
TIME =                  202, Read = 0, Write = 1, In = f2
TIME =                  207, Read = 0, Write = 1, In = ce
TIME =                  215, Read = 1, Write = 0, In = ce
TIME =                  245, Read = 0, Write = 0, In = ce
TIME =                  246, Read = 0, Write = 1, In = ce
TIME =                  249, Read = 0, Write = 0, In = ce
TIME =                  255, Read = 0, Write = 0, In = e8
TIME =                  257, Read = 0, Write = 1, In = e8
TIME =                  260, Read = 0, Write = 0, In = e8
TIME =                  266, Read = 0, Write = 0, In = c5
TIME =                  270, Read = 0, Write = 1, In = c5
TIME =                  271, Read = 0, Write = 0, In = c5
TIME =                  276, Read = 0, Write = 0, In = 5c
TIME =                  278, Read = 0, Write = 1, In = 5c
TIME =                  283, Read = 0, Write = 0, In = 5c
TIME =                  288, Read = 0, Write = 0, In = bd
TIME =                  292, Read = 0, Write = 1, In = bd
TIME =                  297, Read = 0, Write = 0, In = bd
TIME =                  302, Read = 0, Write = 0, In = 2d
TIME =                  306, Read = 0, Write = 1, In = 2d
TIME =                  308, Read = 0, Write = 0, In = 2d
TIME =                  313, Read = 0, Write = 0, In = 65
TIME =                  315, Read = 0, Write = 1, In = 65
TIME =                  318, Read = 0, Write = 0, In = 65
TIME =                  325, Read = 0, Write = 0, In = 63
TIME =                  329, Read = 0, Write = 1, In = 63
TIME =                  333, Read = 0, Write = 0, In = 63
TIME =                  339, Read = 0, Write = 0, In = 0a
TIME =                  340, Read = 0, Write = 1, In = 0a
TIME =                  343, Read = 0, Write = 0, In = 0a
TIME =                  347, Read = 0, Write = 0, In = 80
TIME =                  348, Read = 0, Write = 1, In = 80
TIME =                  351, Read = 0, Write = 0, In = 80
TIME =                  355, Read = 0, Write = 0, In = 20
TIME =                  360, Read = 0, Write = 1, In = 20
TIME =                  364, Read = 0, Write = 0, In = 20
TIME =                  371, Read = 0, Write = 0, In = aa
TIME =                  372, Read = 0, Write = 1, In = aa
TIME =                  374, Read = 0, Write = 0, In = aa
TIME =                  376, Read = 0, Write = 0, In = 9d
TIME =                  379, Read = 0, Write = 1, In = 9d
TIME =                  383, Read = 0, Write = 0, In = 9d
TIME =                  390, Read = 0, Write = 0, In = 96
TIME =                  392, Read = 0, Write = 1, In = 96
TIME =                  395, Read = 0, Write = 0, In = 96
TIME =                  400, Read = 0, Write = 0, In = 13
TIME =                  403, Read = 0, Write = 1, In = 13
TIME =                  407, Read = 0, Write = 0, In = 13
TIME =                  413, Read = 0, Write = 0, In = 0d
TIME =                  417, Read = 0, Write = 1, In = 0d
TIME =                  421, Read = 0, Write = 0, In = 0d
TIME =                  427, Read = 0, Write = 0, In = 53
TIME =                  434, Read = 1, Write = 0, In = 53
TIME =                  437, Read = 0, Write = 0, In = 53
TIME =                  442, Read = 1, Write = 0, In = 53
TIME =                  444, Read = 0, Write = 0, In = 53
TIME =                  449, Read = 1, Write = 0, In = 53
TIME =                  453, Read = 0, Write = 0, In = 53
TIME =                  458, Read = 1, Write = 0, In = 53
TIME =                  460, Read = 0, Write = 0, In = 53
TIME =                  463, Read = 1, Write = 0, In = 53
TIME =                  466, Read = 0, Write = 0, In = 53
TIME =                  469, Read = 1, Write = 0, In = 53
TIME =                  473, Read = 0, Write = 0, In = 53
TIME =                  479, Read = 1, Write = 0, In = 53
TIME =                  481, Read = 0, Write = 0, In = 53
TIME =                  486, Read = 1, Write = 0, In = 53
TIME =                  487, Read = 0, Write = 0, In = 53
TIME =                  493, Read = 1, Write = 0, In = 53
TIME =                  495, Read = 0, Write = 0, In = 53
TIME =                  501, Read = 1, Write = 0, In = 53
TIME =                  505, Read = 0, Write = 0, In = 53
TIME =                  508, Read = 1, Write = 0, In = 53
TIME =                  511, Read = 0, Write = 0, In = 53
TIME =                  518, Read = 1, Write = 0, In = 53
TIME =                  519, Read = 0, Write = 0, In = 53
TIME =                  526, Read = 1, Write = 0, In = 53
TIME =                  528, Read = 0, Write = 0, In = 53
TIME =                  533, Read = 1, Write = 0, In = 53
TIME =                  535, Read = 0, Write = 0, In = 53
TIME =                  540, Read = 1, Write = 0, In = 53
TIME =                  542, Read = 0, Write = 0, In = 53
TIME =                  546, Read = 1, Write = 0, In = 53
TIME =                  549, Read = 0, Write = 0, In = 53
-------------- THE SIMUALTION FINISHED ------------
$finish called at time : 6200 ps : File "D:/GitHub/VBTech/VBTech/FIFO_13/FIFO_13.srcs/sim_1/new/testbench.v" Line 189
