Vivado Simulator 2019.2
Time resolution is 1 ps
----------------------------------------------
------------------   -----------------------
----------- SIMULATION RESULT ----------------
--------------       -------------------
----------------     ---------------------
----------------------------------------------
TIME =                    0, Read = 0, Write = 0, In = 00
TIME =                    1, Read = 0, Write = 1, In = 24
TIME =                    4, Read = 0, Write = 1, In = 81
TIME =                    6, Read = 0, Write = 1, In = 09
TIME =                   13, Read = 0, Write = 1, In = 63
TIME =                   18, Read = 0, Write = 1, In = 0d
TIME =                   20, Read = 0, Write = 1, In = 8d
TIME =                   27, Read = 0, Write = 1, In = 65
TIME =                   30, Read = 0, Write = 1, In = 12
TIME =                   35, Read = 0, Write = 1, In = 01
TIME =                   43, Read = 0, Write = 1, In = 0d
TIME =                   45, Read = 0, Write = 1, In = 76
TIME =                   51, Read = 0, Write = 1, In = 3d
TIME =                   57, Read = 0, Write = 1, In = ed
TIME =                   62, Read = 1, Write = 0, In = ed
-------------- THE SIMUALTION FINISHED ------------
$finish called at time : 2 ns : File "D:/GitHub/VBTech/VBTech/FIFO/FIFO.srcs/sim_1/new/testbench.v" Line 96
