Copyright 1986-2019 Xilinx, Inc. All Rights Reserved.
-----------------------------------------------------------------------------------------------------
| Tool Version : Vivado v.2019.2 (win64) Build 2708876 Wed Nov  6 21:40:23 MST 2019
| Date         : Tue May 17 15:58:00 2022
| Host         : NGHIA running 64-bit major release  (build 9200)
| Command      : report_utilization -file fifo_utilization_placed.rpt -pb fifo_utilization_placed.pb
| Design       : fifo
| Device       : xcku5pffvb676-2
| Design State : Fully Placed
-----------------------------------------------------------------------------------------------------

Utilization Design Information

Table of Contents
-----------------
1. CLB Logic
1.1 Summary of Registers by Type
2. CLB Logic Distribution
3. BLOCKRAM
4. ARITHMETIC
5. I/O
6. CLOCK
7. ADVANCED
8. CONFIGURATION
9. Primitives
10. Black Boxes
11. Instantiated Netlists

1. CLB Logic
------------

+-------------------------+------+-------+-----------+-------+
|        Site Type        | Used | Fixed | Available | Util% |
+-------------------------+------+-------+-----------+-------+
| CLB LUTs                |   11 |     0 |    216960 | <0.01 |
|   LUT as Logic          |   11 |     0 |    216960 | <0.01 |
|   LUT as Memory         |    0 |     0 |     99840 |  0.00 |
| CLB Registers           |    8 |     0 |    433920 | <0.01 |
|   Register as Flip Flop |    8 |     0 |    433920 | <0.01 |
|   Register as Latch     |    0 |     0 |    433920 |  0.00 |
| CARRY8                  |    0 |     0 |     27120 |  0.00 |
| F7 Muxes                |    0 |     0 |    108480 |  0.00 |
| F8 Muxes                |    0 |     0 |     54240 |  0.00 |
| F9 Muxes                |    0 |     0 |     27120 |  0.00 |
+-------------------------+------+-------+-----------+-------+


1.1 Summary of Registers by Type
--------------------------------

+-------+--------------+-------------+--------------+
| Total | Clock Enable | Synchronous | Asynchronous |
+-------+--------------+-------------+--------------+
| 0     |            _ |           - |            - |
| 0     |            _ |           - |          Set |
| 0     |            _ |           - |        Reset |
| 0     |            _ |         Set |            - |
| 0     |            _ |       Reset |            - |
| 0     |          Yes |           - |            - |
| 0     |          Yes |           - |          Set |
| 8     |          Yes |           - |        Reset |
| 0     |          Yes |         Set |            - |
| 0     |          Yes |       Reset |            - |
+-------+--------------+-------------+--------------+


2. CLB Logic Distribution
-------------------------

+----------------------------------------+------+-------+-----------+-------+
|                Site Type               | Used | Fixed | Available | Util% |
+----------------------------------------+------+-------+-----------+-------+
| CLB                                    |    4 |     0 |     27120 |  0.01 |
|   CLBL                                 |    4 |     0 |           |       |
|   CLBM                                 |    0 |     0 |           |       |
| LUT as Logic                           |   11 |     0 |    216960 | <0.01 |
|   using O5 output only                 |    0 |       |           |       |
|   using O6 output only                 |    8 |       |           |       |
|   using O5 and O6                      |    3 |       |           |       |
| LUT as Memory                          |    0 |     0 |     99840 |  0.00 |
|   LUT as Distributed RAM               |    0 |     0 |           |       |
|   LUT as Shift Register                |    0 |     0 |           |       |
| CLB Registers                          |    8 |     0 |    433920 | <0.01 |
|   Register driven from within the CLB  |    8 |       |           |       |
|   Register driven from outside the CLB |    0 |       |           |       |
| Unique Control Sets                    |    2 |       |     54240 | <0.01 |
+----------------------------------------+------+-------+-----------+-------+
* Note: Available Control Sets calculated as CLB Registers / 8, Review the Control Sets Report for more information regarding control sets.


3. BLOCKRAM
-----------

+-------------------+------+-------+-----------+-------+
|     Site Type     | Used | Fixed | Available | Util% |
+-------------------+------+-------+-----------+-------+
| Block RAM Tile    |  0.5 |     0 |       480 |  0.10 |
|   RAMB36/FIFO*    |    0 |     0 |       480 |  0.00 |
|   RAMB18          |    1 |     0 |       960 |  0.10 |
|     RAMB18E2 only |    1 |       |           |       |
| URAM              |    0 |     0 |        64 |  0.00 |
+-------------------+------+-------+-----------+-------+
* Note: Each Block RAM Tile only has one FIFO logic available and therefore can accommodate only one FIFO36E2 or one FIFO18E2. However, if a FIFO18E2 occupies a Block RAM Tile, that tile can still accommodate a RAMB18E2


4. ARITHMETIC
-------------

+-----------+------+-------+-----------+-------+
| Site Type | Used | Fixed | Available | Util% |
+-----------+------+-------+-----------+-------+
| DSPs      |    0 |     0 |      1824 |  0.00 |
+-----------+------+-------+-----------+-------+


5. I/O
------

+------------------+------+-------+-----------+-------+
|     Site Type    | Used | Fixed | Available | Util% |
+------------------+------+-------+-----------+-------+
| Bonded IOB       |   24 |     0 |       280 |  8.57 |
| HPIOB_M          |    0 |     0 |        96 |  0.00 |
| HPIOB_S          |    0 |     0 |        96 |  0.00 |
| HDIOB_M          |   12 |     0 |        36 | 33.33 |
|   INPUT          |    8 |       |           |       |
|   OUTPUT         |    4 |       |           |       |
|   BIDIR          |    0 |       |           |       |
| HDIOB_S          |   12 |     0 |        36 | 33.33 |
|   INPUT          |    6 |       |           |       |
|   OUTPUT         |    6 |       |           |       |
|   BIDIR          |    0 |       |           |       |
| HPIOB_SNGL       |    0 |     0 |        16 |  0.00 |
| HPIOBDIFFINBUF   |    0 |     0 |        96 |  0.00 |
| HPIOBDIFFOUTBUF  |    0 |     0 |        96 |  0.00 |
| HDIOBDIFFINBUF   |    0 |     0 |        48 |  0.00 |
| BITSLICE_CONTROL |    0 |     0 |        32 |  0.00 |
| BITSLICE_RX_TX   |    0 |     0 |       208 |  0.00 |
| BITSLICE_TX      |    0 |     0 |        32 |  0.00 |
| RIU_OR           |    0 |     0 |        16 |  0.00 |
+------------------+------+-------+-----------+-------+


6. CLOCK
--------

+----------------------+------+-------+-----------+-------+
|       Site Type      | Used | Fixed | Available | Util% |
+----------------------+------+-------+-----------+-------+
| GLOBAL CLOCK BUFFERs |    2 |     0 |       256 |  0.78 |
|   BUFGCE             |    2 |     0 |       112 |  1.79 |
|   BUFGCE_DIV         |    0 |     0 |        16 |  0.00 |
|   BUFG_GT            |    0 |     0 |        96 |  0.00 |
|   BUFGCTRL*          |    0 |     0 |        32 |  0.00 |
| PLL                  |    0 |     0 |         8 |  0.00 |
| MMCM                 |    0 |     0 |         4 |  0.00 |
+----------------------+------+-------+-----------+-------+
* Note: Each used BUFGCTRL counts as two GLOBAL CLOCK BUFFERs. This table does not include global clocking resources, only buffer cell usage. See the Clock Utilization Report (report_clock_utilization) for detailed accounting of global clocking resource availability.


7. ADVANCED
-----------

+-----------------+------+-------+-----------+-------+
|    Site Type    | Used | Fixed | Available | Util% |
+-----------------+------+-------+-----------+-------+
| CMACE4          |    0 |     0 |         1 |  0.00 |
| GTYE4_CHANNEL   |    0 |     0 |        16 |  0.00 |
| GTYE4_COMMON    |    0 |     0 |         4 |  0.00 |
| OBUFDS_GTE4     |    0 |     0 |         8 |  0.00 |
| OBUFDS_GTE4_ADV |    0 |     0 |         8 |  0.00 |
| PCIE40E4        |    0 |     0 |         1 |  0.00 |
| SYSMONE4        |    0 |     0 |         1 |  0.00 |
+-----------------+------+-------+-----------+-------+


8. CONFIGURATION
----------------

+-------------+------+-------+-----------+-------+
|  Site Type  | Used | Fixed | Available | Util% |
+-------------+------+-------+-----------+-------+
| BSCANE2     |    0 |     0 |         4 |  0.00 |
| DNA_PORTE2  |    0 |     0 |         1 |  0.00 |
| EFUSE_USR   |    0 |     0 |         1 |  0.00 |
| FRAME_ECCE4 |    0 |     0 |         1 |  0.00 |
| ICAPE3      |    0 |     0 |         2 |  0.00 |
| MASTER_JTAG |    0 |     0 |         1 |  0.00 |
| STARTUPE3   |    0 |     0 |         1 |  0.00 |
+-------------+------+-------+-----------+-------+


9. Primitives
-------------

+----------+------+---------------------+
| Ref Name | Used | Functional Category |
+----------+------+---------------------+
| INBUF    |   14 |                 I/O |
| IBUFCTRL |   14 |              Others |
| OBUF     |   10 |                 I/O |
| FDCE     |    8 |            Register |
| LUT4     |    5 |                 CLB |
| LUT5     |    3 |                 CLB |
| LUT6     |    2 |                 CLB |
| LUT3     |    2 |                 CLB |
| LUT2     |    2 |                 CLB |
| BUFGCE   |    2 |               Clock |
| RAMB18E2 |    1 |           Block Ram |
+----------+------+---------------------+


10. Black Boxes
---------------

+----------+------+
| Ref Name | Used |
+----------+------+


11. Instantiated Netlists
-------------------------

+----------+------+
| Ref Name | Used |
+----------+------+


