#-----------------------------------------------------------
# Vivado v2019.2 (64-bit)
# SW Build 2708876 on Wed Nov  6 21:40:23 MST 2019
# IP Build 2700528 on Thu Nov  7 00:09:20 MST 2019
# Start of session at: Fri May 13 08:57:45 2022
# Process ID: 8556
# Current directory: D:/GitHub/VBTech/VBTech/FIFO
# Command line: vivado.exe -gui_launcher_event rodinguilauncherevent4612 D:\GitHub\VBTech\VBTech\FIFO\FIFO.xpr
# Log file: D:/GitHub/VBTech/VBTech/FIFO/vivado.log
# Journal file: D:/GitHub/VBTech/VBTech/FIFO\vivado.jou
#-----------------------------------------------------------
start_gui
open_project D:/GitHub/VBTech/VBTech/FIFO/FIFO.xpr
Scanning sources...
Finished scanning sources
INFO: [IP_Flow 19-234] Refreshing IP repositories
INFO: [IP_Flow 19-1704] No user IP repositories specified
INFO: [IP_Flow 19-2313] Loaded Vivado IP repository 'C:/Xilinx/Vivado/2019.2/data/ip'.
open_project: Time (s): cpu = 00:00:28 ; elapsed = 00:00:13 . Memory (MB): peak = 929.180 ; gain = 279.430
update_compile_order -fileset sources_1
exit
INFO: [Common 17-206] Exiting Vivado at Fri May 13 08:58:25 2022...
