Vivado Simulator 2019.2
Time resolution is 1 ps
----------------------------------------------
------------------   -----------------------
----------- SIMULATION RESULT ----------------
--------------       -------------------
----------------     ---------------------
----------------------------------------------
TIME =                    0, Read = 0, Write = 0, In = 00
TIME =                    7, Read = 0, Write = 1, In = 24
TIME =                   10, Read = 0, Write = 1, In = 81
TIME =                   13, Read = 0, Write = 1, In = 09
TIME =                   17, Read = 0, Write = 1, In = 63
TIME =                   20, Read = 0, Write = 1, In = 0d
TIME =                   21, Read = 0, Write = 1, In = 8d
TIME =                   23, Read = 0, Write = 1, In = 65
TIME =                   24, Read = 0, Write = 1, In = 12
TIME =                   31, Read = 0, Write = 1, In = 01
TIME =                   34, Read = 0, Write = 1, In = 0d
TIME =                   37, Read = 0, Write = 1, In = 76
TIME =                   41, Read = 0, Write = 1, In = 3d
TIME =                   48, Read = 0, Write = 1, In = ed
TIME =                   54, Read = 1, Write = 0, In = ed
TIME =                   83, Read = 0, Write = 1, In = 8c
TIME =                   87, Read = 0, Write = 1, In = f9
TIME =                   91, Read = 0, Write = 1, In = c6
TIME =                   96, Read = 0, Write = 1, In = c5
TIME =                  103, Read = 0, Write = 1, In = aa
TIME =                  108, Read = 0, Write = 1, In = e5
TIME =                  113, Read = 0, Write = 1, In = 77
TIME =                  120, Read = 1, Write = 0, In = 77
TIME =                  169, Read = 0, Write = 0, In = 77
TIME =                  181, Read = 0, Write = 1, In = 12
TIME =                  182, Read = 0, Write = 1, In = 8f
TIME =                  188, Read = 0, Write = 1, In = f2
TIME =                  190, Read = 0, Write = 1, In = ce
TIME =                  193, Read = 0, Write = 1, In = e8
TIME =                  197, Read = 0, Write = 1, In = c5
TIME =                  205, Read = 0, Write = 1, In = 5c
TIME =                  212, Read = 1, Write = 0, In = 5c
TIME =                  284, Read = 0, Write = 0, In = 5c
TIME =                  286, Read = 0, Write = 1, In = 5c
TIME =                  287, Read = 0, Write = 0, In = 5c
TIME =                  290, Read = 0, Write = 0, In = bd
TIME =                  294, Read = 0, Write = 1, In = bd
TIME =                  295, Read = 0, Write = 0, In = bd
TIME =                  301, Read = 0, Write = 0, In = 2d
TIME =                  305, Read = 0, Write = 1, In = 2d
TIME =                  308, Read = 0, Write = 0, In = 2d
TIME =                  312, Read = 0, Write = 0, In = 65
TIME =                  316, Read = 0, Write = 1, In = 65
TIME =                  318, Read = 0, Write = 0, In = 65
TIME =                  322, Read = 0, Write = 0, In = 63
TIME =                  326, Read = 0, Write = 1, In = 63
TIME =                  328, Read = 0, Write = 0, In = 63
TIME =                  335, Read = 0, Write = 0, In = 0a
TIME =                  337, Read = 0, Write = 1, In = 0a
TIME =                  339, Read = 0, Write = 0, In = 0a
TIME =                  344, Read = 0, Write = 0, In = 80
TIME =                  349, Read = 0, Write = 1, In = 80
TIME =                  350, Read = 0, Write = 0, In = 80
TIME =                  356, Read = 0, Write = 0, In = 20
TIME =                  360, Read = 0, Write = 1, In = 20
TIME =                  361, Read = 0, Write = 0, In = 20
TIME =                  367, Read = 0, Write = 0, In = aa
TIME =                  370, Read = 0, Write = 1, In = aa
TIME =                  374, Read = 0, Write = 0, In = aa
TIME =                  379, Read = 0, Write = 0, In = 9d
TIME =                  382, Read = 0, Write = 1, In = 9d
TIME =                  386, Read = 0, Write = 0, In = 9d
TIME =                  393, Read = 0, Write = 0, In = 96
TIME =                  395, Read = 0, Write = 1, In = 96
TIME =                  396, Read = 0, Write = 0, In = 96
TIME =                  402, Read = 0, Write = 0, In = 13
TIME =                  403, Read = 0, Write = 1, In = 13
TIME =                  406, Read = 0, Write = 0, In = 13
TIME =                  410, Read = 0, Write = 0, In = 0d
TIME =                  412, Read = 0, Write = 1, In = 0d
TIME =                  414, Read = 0, Write = 0, In = 0d
TIME =                  421, Read = 0, Write = 0, In = 53
TIME =                  424, Read = 1, Write = 0, In = 53
TIME =                  427, Read = 0, Write = 0, In = 53
TIME =                  434, Read = 1, Write = 0, In = 53
TIME =                  435, Read = 0, Write = 0, In = 53
TIME =                  441, Read = 1, Write = 0, In = 53
TIME =                  445, Read = 0, Write = 0, In = 53
TIME =                  449, Read = 1, Write = 0, In = 53
TIME =                  454, Read = 0, Write = 0, In = 53
TIME =                  461, Read = 1, Write = 0, In = 53
TIME =                  462, Read = 0, Write = 0, In = 53
TIME =                  465, Read = 1, Write = 0, In = 53
TIME =                  469, Read = 0, Write = 0, In = 53
TIME =                  475, Read = 1, Write = 0, In = 53
TIME =                  476, Read = 0, Write = 0, In = 53
TIME =                  482, Read = 1, Write = 0, In = 53
TIME =                  484, Read = 0, Write = 0, In = 53
TIME =                  491, Read = 1, Write = 0, In = 53
TIME =                  494, Read = 0, Write = 0, In = 53
-------------- THE SIMUALTION FINISHED ------------
$finish called at time : 5 ns : File "D:/GitHub/VBTech/VBTech/FIFO_2clock/FIFO_2clock.srcs/sim_1/new/testbench.v" Line 222
