
*** Running vivado
    with args -log fifo.vds -m64 -product Vivado -mode batch -messageDb vivado.pb -notrace -source fifo.tcl


****** Vivado v2019.2 (64-bit)
  **** SW Build 2708876 on Wed Nov  6 21:40:23 MST 2019
  **** IP Build 2700528 on Thu Nov  7 00:09:20 MST 2019
    ** Copyright 1986-2019 Xilinx, Inc. All Rights Reserved.

source fifo.tcl -notrace
Command: synth_design -top fifo -part xcku5p-ffvb676-2-e
Starting synth_design
Attempting to get a license for feature 'Synthesis' and/or device 'xcku5p'
INFO: [Common 17-349] Got license for feature 'Synthesis' and/or device 'xcku5p'
INFO: [Device 21-403] Loading part xcku5p-ffvb676-2-e
INFO: Launching helper process for spawning children vivado processes
INFO: Helper process launched with PID 1336 
---------------------------------------------------------------------------------
Starting RTL Elaboration : Time (s): cpu = 00:00:04 ; elapsed = 00:00:05 . Memory (MB): peak = 1555.934 ; gain = 98.102
---------------------------------------------------------------------------------
INFO: [Synth 8-6157] synthesizing module 'fifo' [D:/GitHub/VBTech/VBTech/FIFO_13/FIFO_13.srcs/sources_1/new/fifo.v:1]
	Parameter DATA_WIDTH bound to: 8 - type: integer 
	Parameter DATA_DEPTH bound to: 13 - type: integer 
INFO: [Synth 8-6157] synthesizing module 'status_signal' [D:/GitHub/VBTech/VBTech/FIFO_13/FIFO_13.srcs/sources_1/new/status_signal.v:1]
	Parameter DATA_DEPTH bound to: 13 - type: integer 
INFO: [Synth 8-226] default block is never used [D:/GitHub/VBTech/VBTech/FIFO_13/FIFO_13.srcs/sources_1/new/status_signal.v:19]
INFO: [Synth 8-6155] done synthesizing module 'status_signal' (1#1) [D:/GitHub/VBTech/VBTech/FIFO_13/FIFO_13.srcs/sources_1/new/status_signal.v:1]
INFO: [Synth 8-6157] synthesizing module 'ram' [D:/GitHub/VBTech/VBTech/FIFO_13/FIFO_13.srcs/sources_1/new/ram.v:1]
	Parameter DATA_WIDTH bound to: 8 - type: integer 
	Parameter DATA_DEPTH bound to: 13 - type: integer 
INFO: [Synth 8-6155] done synthesizing module 'ram' (2#1) [D:/GitHub/VBTech/VBTech/FIFO_13/FIFO_13.srcs/sources_1/new/ram.v:1]
INFO: [Synth 8-6155] done synthesizing module 'fifo' (3#1) [D:/GitHub/VBTech/VBTech/FIFO_13/FIFO_13.srcs/sources_1/new/fifo.v:1]
---------------------------------------------------------------------------------
Finished RTL Elaboration : Time (s): cpu = 00:00:05 ; elapsed = 00:00:06 . Memory (MB): peak = 1626.812 ; gain = 168.980
---------------------------------------------------------------------------------

Report Check Netlist: 
+------+------------------+-------+---------+-------+------------------+
|      |Item              |Errors |Warnings |Status |Description       |
+------+------------------+-------+---------+-------+------------------+
|1     |multi_driven_nets |      0|        0|Passed |Multi driven nets |
+------+------------------+-------+---------+-------+------------------+
---------------------------------------------------------------------------------
Start Handling Custom Attributes
---------------------------------------------------------------------------------
---------------------------------------------------------------------------------
Finished Handling Custom Attributes : Time (s): cpu = 00:00:06 ; elapsed = 00:00:07 . Memory (MB): peak = 1626.812 ; gain = 168.980
---------------------------------------------------------------------------------
---------------------------------------------------------------------------------
Finished RTL Optimization Phase 1 : Time (s): cpu = 00:00:06 ; elapsed = 00:00:07 . Memory (MB): peak = 1626.812 ; gain = 168.980
---------------------------------------------------------------------------------
Netlist sorting complete. Time (s): cpu = 00:00:00 ; elapsed = 00:00:00.001 . Memory (MB): peak = 1626.812 ; gain = 0.000
INFO: [Project 1-570] Preparing netlist for logic optimization

Processing XDC Constraints
Initializing timing engine
Parsing XDC File [D:/GitHub/VBTech/VBTech/FIFO_13/FIFO_13.srcs/constrs_1/new/constr.xdc]
Finished Parsing XDC File [D:/GitHub/VBTech/VBTech/FIFO_13/FIFO_13.srcs/constrs_1/new/constr.xdc]
Completed Processing XDC Constraints

Netlist sorting complete. Time (s): cpu = 00:00:00 ; elapsed = 00:00:00 . Memory (MB): peak = 1713.008 ; gain = 0.000
INFO: [Project 1-111] Unisim Transformation Summary:
No Unisim elements were transformed.

Constraint Validation Runtime : Time (s): cpu = 00:00:01 ; elapsed = 00:00:00.044 . Memory (MB): peak = 1713.008 ; gain = 0.000
---------------------------------------------------------------------------------
Finished Constraint Validation : Time (s): cpu = 00:00:15 ; elapsed = 00:00:17 . Memory (MB): peak = 1713.008 ; gain = 255.176
---------------------------------------------------------------------------------
---------------------------------------------------------------------------------
Start Loading Part and Timing Information
---------------------------------------------------------------------------------
Loading part: xcku5p-ffvb676-2-e
INFO: [Synth 8-6742] Reading net delay rules and data
---------------------------------------------------------------------------------
Finished Loading Part and Timing Information : Time (s): cpu = 00:00:15 ; elapsed = 00:00:17 . Memory (MB): peak = 1713.008 ; gain = 255.176
---------------------------------------------------------------------------------
---------------------------------------------------------------------------------
Start Applying 'set_property' XDC Constraints
---------------------------------------------------------------------------------
---------------------------------------------------------------------------------
Finished applying 'set_property' XDC Constraints : Time (s): cpu = 00:00:15 ; elapsed = 00:00:17 . Memory (MB): peak = 1713.008 ; gain = 255.176
---------------------------------------------------------------------------------
INFO: [Synth 8-6904] The RAM "ram:/mem_reg" of size (depth=13 x width=8) is automatically implemented using LUTRAM. BRAM implementation would be inefficient 
---------------------------------------------------------------------------------
Finished RTL Optimization Phase 2 : Time (s): cpu = 00:00:15 ; elapsed = 00:00:17 . Memory (MB): peak = 1713.008 ; gain = 255.176
---------------------------------------------------------------------------------

Report RTL Partitions: 
+-+--------------+------------+----------+
| |RTL Partition |Replication |Instances |
+-+--------------+------------+----------+
+-+--------------+------------+----------+
---------------------------------------------------------------------------------
Start RTL Component Statistics 
---------------------------------------------------------------------------------
Detailed RTL Component Info : 
+---Adders : 
	   2 Input      5 Bit       Adders := 1     
	   2 Input      4 Bit       Adders := 2     
+---Registers : 
	                8 Bit    Registers := 1     
	                5 Bit    Registers := 1     
	                4 Bit    Registers := 2     
+---RAMs : 
	              104 Bit         RAMs := 1     
+---Muxes : 
	   4 Input      5 Bit        Muxes := 1     
	   2 Input      5 Bit        Muxes := 2     
	   4 Input      1 Bit        Muxes := 1     
	   2 Input      1 Bit        Muxes := 2     
---------------------------------------------------------------------------------
Finished RTL Component Statistics 
---------------------------------------------------------------------------------
---------------------------------------------------------------------------------
Start RTL Hierarchical Component Statistics 
---------------------------------------------------------------------------------
Hierarchical RTL Component report 
Module status_signal 
Detailed RTL Component Info : 
+---Adders : 
	   2 Input      5 Bit       Adders := 1     
	   2 Input      4 Bit       Adders := 2     
+---Registers : 
	                5 Bit    Registers := 1     
	                4 Bit    Registers := 2     
+---Muxes : 
	   4 Input      5 Bit        Muxes := 1     
	   2 Input      5 Bit        Muxes := 2     
	   4 Input      1 Bit        Muxes := 1     
Module ram 
Detailed RTL Component Info : 
+---Registers : 
	                8 Bit    Registers := 1     
+---RAMs : 
	              104 Bit         RAMs := 1     
+---Muxes : 
	   2 Input      1 Bit        Muxes := 2     
---------------------------------------------------------------------------------
Finished RTL Hierarchical Component Statistics
---------------------------------------------------------------------------------
---------------------------------------------------------------------------------
Start Part Resource Summary
---------------------------------------------------------------------------------
Part Resources:
DSPs: 1824 (col length:96)
BRAMs: 960 (col length: RAMB18 96 RAMB36 48)
---------------------------------------------------------------------------------
Finished Part Resource Summary
---------------------------------------------------------------------------------
---------------------------------------------------------------------------------
Start Cross Boundary and Area Optimization
---------------------------------------------------------------------------------
Warning: Parallel synthesis criteria is not met 
INFO: [Synth 8-6904] The RAM "fifo/inst2/mem_reg" of size (depth=13 x width=8) is automatically implemented using LUTRAM. BRAM implementation would be inefficient 
INFO: [Synth 8-6904] The RAM "fifo/inst2/mem_reg" of size (depth=13 x width=8) is automatically implemented using LUTRAM. BRAM implementation would be inefficient 
---------------------------------------------------------------------------------
Finished Cross Boundary and Area Optimization : Time (s): cpu = 00:00:16 ; elapsed = 00:00:19 . Memory (MB): peak = 1713.008 ; gain = 255.176
---------------------------------------------------------------------------------
---------------------------------------------------------------------------------
Start ROM, RAM, DSP and Shift Register Reporting
---------------------------------------------------------------------------------

Distributed RAM: Preliminary Mapping	Report (see note below)
+------------+---------------+-----------+----------------------+---------------+
|Module Name | RTL Object    | Inference | Size (Depth x Width) | Primitives    | 
+------------+---------------+-----------+----------------------+---------------+
|fifo        | inst2/mem_reg | Implied   | 16 x 8               | RAM32M16 x 1	 | 
+------------+---------------+-----------+----------------------+---------------+

Note: The table above is a preliminary report that shows the Distributed RAMs at the current stage of the synthesis flow. Some Distributed RAMs may be reimplemented as non Distributed RAM primitives later in the synthesis flow. Multiple instantiated RAMs are reported only once.
---------------------------------------------------------------------------------
Finished ROM, RAM, DSP and Shift Register Reporting
---------------------------------------------------------------------------------

Report RTL Partitions: 
+-+--------------+------------+----------+
| |RTL Partition |Replication |Instances |
+-+--------------+------------+----------+
+-+--------------+------------+----------+
---------------------------------------------------------------------------------
Start Applying XDC Timing Constraints
---------------------------------------------------------------------------------
---------------------------------------------------------------------------------
Finished Applying XDC Timing Constraints : Time (s): cpu = 00:00:31 ; elapsed = 00:00:36 . Memory (MB): peak = 2199.723 ; gain = 741.891
---------------------------------------------------------------------------------
---------------------------------------------------------------------------------
Start Timing Optimization
---------------------------------------------------------------------------------
---------------------------------------------------------------------------------
Finished Timing Optimization : Time (s): cpu = 00:00:31 ; elapsed = 00:00:36 . Memory (MB): peak = 2209.758 ; gain = 751.926
---------------------------------------------------------------------------------
---------------------------------------------------------------------------------
Start ROM, RAM, DSP and Shift Register Reporting
---------------------------------------------------------------------------------

Distributed RAM: Final Mapping	Report
+------------+---------------+-----------+----------------------+---------------+
|Module Name | RTL Object    | Inference | Size (Depth x Width) | Primitives    | 
+------------+---------------+-----------+----------------------+---------------+
|fifo        | inst2/mem_reg | Implied   | 16 x 8               | RAM32M16 x 1	 | 
+------------+---------------+-----------+----------------------+---------------+

---------------------------------------------------------------------------------
Finished ROM, RAM, DSP and Shift Register Reporting
---------------------------------------------------------------------------------

Report RTL Partitions: 
+-+--------------+------------+----------+
| |RTL Partition |Replication |Instances |
+-+--------------+------------+----------+
+-+--------------+------------+----------+
---------------------------------------------------------------------------------
Start Technology Mapping
---------------------------------------------------------------------------------
---------------------------------------------------------------------------------
Finished Technology Mapping : Time (s): cpu = 00:00:31 ; elapsed = 00:00:36 . Memory (MB): peak = 2209.820 ; gain = 751.988
---------------------------------------------------------------------------------

Report RTL Partitions: 
+-+--------------+------------+----------+
| |RTL Partition |Replication |Instances |
+-+--------------+------------+----------+
+-+--------------+------------+----------+
---------------------------------------------------------------------------------
Start IO Insertion
---------------------------------------------------------------------------------
---------------------------------------------------------------------------------
Start Flattening Before IO Insertion
---------------------------------------------------------------------------------
---------------------------------------------------------------------------------
Finished Flattening Before IO Insertion
---------------------------------------------------------------------------------
---------------------------------------------------------------------------------
Start Final Netlist Cleanup
---------------------------------------------------------------------------------
---------------------------------------------------------------------------------
Finished Final Netlist Cleanup
---------------------------------------------------------------------------------
---------------------------------------------------------------------------------
Finished IO Insertion : Time (s): cpu = 00:00:37 ; elapsed = 00:00:43 . Memory (MB): peak = 2224.492 ; gain = 766.660
---------------------------------------------------------------------------------
---------------------------------------------------------------------------------
Start Renaming Generated Instances
---------------------------------------------------------------------------------
---------------------------------------------------------------------------------
Finished Renaming Generated Instances : Time (s): cpu = 00:00:37 ; elapsed = 00:00:43 . Memory (MB): peak = 2224.492 ; gain = 766.660
---------------------------------------------------------------------------------

Report RTL Partitions: 
+-+--------------+------------+----------+
| |RTL Partition |Replication |Instances |
+-+--------------+------------+----------+
+-+--------------+------------+----------+

Report Check Netlist: 
+------+------------------+-------+---------+-------+------------------+
|      |Item              |Errors |Warnings |Status |Description       |
+------+------------------+-------+---------+-------+------------------+
|1     |multi_driven_nets |      0|        0|Passed |Multi driven nets |
+------+------------------+-------+---------+-------+------------------+
---------------------------------------------------------------------------------
Start Rebuilding User Hierarchy
---------------------------------------------------------------------------------
---------------------------------------------------------------------------------
Finished Rebuilding User Hierarchy : Time (s): cpu = 00:00:37 ; elapsed = 00:00:43 . Memory (MB): peak = 2224.492 ; gain = 766.660
---------------------------------------------------------------------------------
---------------------------------------------------------------------------------
Start Renaming Generated Ports
---------------------------------------------------------------------------------
---------------------------------------------------------------------------------
Finished Renaming Generated Ports : Time (s): cpu = 00:00:37 ; elapsed = 00:00:43 . Memory (MB): peak = 2224.492 ; gain = 766.660
---------------------------------------------------------------------------------
---------------------------------------------------------------------------------
Start Handling Custom Attributes
---------------------------------------------------------------------------------
---------------------------------------------------------------------------------
Finished Handling Custom Attributes : Time (s): cpu = 00:00:37 ; elapsed = 00:00:43 . Memory (MB): peak = 2224.492 ; gain = 766.660
---------------------------------------------------------------------------------
---------------------------------------------------------------------------------
Start Renaming Generated Nets
---------------------------------------------------------------------------------
---------------------------------------------------------------------------------
Finished Renaming Generated Nets : Time (s): cpu = 00:00:37 ; elapsed = 00:00:43 . Memory (MB): peak = 2224.492 ; gain = 766.660
---------------------------------------------------------------------------------
---------------------------------------------------------------------------------
Start Writing Synthesis Report
---------------------------------------------------------------------------------

Report BlackBoxes: 
+-+--------------+----------+
| |BlackBox name |Instances |
+-+--------------+----------+
+-+--------------+----------+

Report Cell Usage: 
+------+---------+------+
|      |Cell     |Count |
+------+---------+------+
|1     |BUFG     |     1|
|2     |LUT1     |     2|
|3     |LUT2     |     3|
|4     |LUT3     |     7|
|5     |LUT4     |     3|
|6     |LUT5     |     3|
|7     |LUT6     |     3|
|8     |RAM32M16 |     1|
|9     |FDRE     |    21|
|10    |IBUF     |    12|
|11    |OBUF     |    10|
+------+---------+------+

Report Instance Areas: 
+------+---------+--------------+------+
|      |Instance |Module        |Cells |
+------+---------+--------------+------+
|1     |top      |              |    66|
|2     |  inst1  |status_signal |    34|
|3     |  inst2  |ram           |     9|
+------+---------+--------------+------+
---------------------------------------------------------------------------------
Finished Writing Synthesis Report : Time (s): cpu = 00:00:37 ; elapsed = 00:00:43 . Memory (MB): peak = 2224.492 ; gain = 766.660
---------------------------------------------------------------------------------
Synthesis finished with 0 errors, 0 critical warnings and 0 warnings.
Synthesis Optimization Runtime : Time (s): cpu = 00:00:26 ; elapsed = 00:00:37 . Memory (MB): peak = 2224.492 ; gain = 680.465
Synthesis Optimization Complete : Time (s): cpu = 00:00:37 ; elapsed = 00:00:43 . Memory (MB): peak = 2224.492 ; gain = 766.660
INFO: [Project 1-571] Translating synthesized netlist
Netlist sorting complete. Time (s): cpu = 00:00:00 ; elapsed = 00:00:00.003 . Memory (MB): peak = 2237.570 ; gain = 0.000
INFO: [Netlist 29-17] Analyzing 14 Unisim elements for replacement
INFO: [Netlist 29-28] Unisim Transformation completed in 0 CPU seconds
INFO: [Project 1-570] Preparing netlist for logic optimization
INFO: [Opt 31-138] Pushed 0 inverter(s) to 0 load pin(s).
Netlist sorting complete. Time (s): cpu = 00:00:00 ; elapsed = 00:00:00 . Memory (MB): peak = 2257.766 ; gain = 0.000
INFO: [Project 1-111] Unisim Transformation Summary:
  A total of 14 instances were transformed.
  BUFG => BUFGCE: 1 instance 
  IBUF => IBUF (IBUFCTRL, INBUF): 12 instances
  RAM32M16 => RAM32M16 (RAMD32(x14), RAMS32(x2)): 1 instance 

INFO: [Common 17-83] Releasing license: Synthesis
22 Infos, 0 Warnings, 0 Critical Warnings and 0 Errors encountered.
synth_design completed successfully
synth_design: Time (s): cpu = 00:00:48 ; elapsed = 00:00:58 . Memory (MB): peak = 2257.766 ; gain = 1833.914
Netlist sorting complete. Time (s): cpu = 00:00:00 ; elapsed = 00:00:00 . Memory (MB): peak = 2257.766 ; gain = 0.000
WARNING: [Constraints 18-5210] No constraints selected for write.
Resolution: This message can indicate that there are no constraints for the design, or it can indicate that the used_in flags are set such that the constraints are ignored. This later case is used when running synth_design to not write synthesis constraints to the resulting checkpoint. Instead, project constraints are read when the synthesized design is opened.
INFO: [Common 17-1381] The checkpoint 'D:/GitHub/VBTech/VBTech/FIFO_13/FIFO_13.runs/synth_1/fifo.dcp' has been generated.
INFO: [runtcl-4] Executing : report_utilization -file fifo_utilization_synth.rpt -pb fifo_utilization_synth.pb
INFO: [Common 17-206] Exiting Vivado at Wed May 11 02:28:18 2022...
