#
# A fatal error has been detected by the Java Runtime Environment:
#
#  EXCEPTION_ACCESS_VIOLATION (0xc0000005) at pc=0x00007ffdc9191b49, pid=5808, tid=11800
#
# JRE version: Java(TM) SE Runtime Environment (9.0+11) (build 9.0.4+11)
# Java VM: Java HotSpot(TM) 64-Bit Server VM (9.0.4+11, mixed mode, tiered, compressed oops, g1 gc, windows-amd64)
# Problematic frame:
# C  0x00007ffdc9191b49
#
# No core dump will be written. Minidumps are not enabled by default on client versions of Windows
#
# If you would like to submit a bug report, please visit:
#   http://bugreport.java.com/bugreport/crash.jsp
# The crash happened outside the Java Virtual Machine in native code.
# See problematic frame for where to report the bug.
#

---------------  S U M M A R Y ------------

Command Line: -Dsun.java2d.pmoffscreen=false -Dsun.java2d.xrender=false -Dsun.java2d.d3d=false -Dsun.awt.nopixfmt=true -Dsun.java2d.dpiaware=true -Dsun.java2d.uiScale.enabled=false -Xverify:none -Dswing.aatext=true -XX:-UsePerfData -Djdk.map.althashing.threshold=512 -XX:StringTableSize=4072 --add-opens=java.base/java.nio=ALL-UNNAMED --add-opens=java.desktop/sun.swing=ALL-UNNAMED --add-opens=java.desktop/javax.swing=ALL-UNNAMED --add-opens=java.desktop/javax.swing.tree=ALL-UNNAMED --add-opens=java.desktop/javax.swing.plaf.basic=ALL-UNNAMED --add-opens=java.desktop/javax.swing.plaf.synth=ALL-UNNAMED --add-opens=java.desktop/com.sun.awt=ALL-UNNAMED -XX:NewSize=60m -XX:MaxNewSize=60m -Xms128m -Xmx3072m -Xss5m 

Host: Intel(R) Core(TM) i5-1035G1 CPU @ 1.00GHz, 8 cores, 3G,  Windows 10 , 64 bit Build 22000 (10.0.22000.708)
Time: Wed Jun 22 15:16:05 2022 SE Asia Standard Time elapsed time: 23511 seconds (0d 6h 31m 51s)

---------------  T H R E A D  ---------------

Current thread (0x000001cd9f81b000):  JavaThread "AWT-EventQueue-1" [_thread_in_native, id=11800, stack(0x000000a513c00000,0x000000a514100000)]

Stack: [0x000000a513c00000,0x000000a514100000],  sp=0x000000a5140f43f0,  free space=5072k
Native frames: (J=compiled Java code, j=interpreted, Vv=VM code, C=native code)
C  0x00007ffdc9191b49
C  0x00007ffdc91a5827
C  0x00007ffdc91a5532
C  0x00007ffdc918b256
C  [librdi_wavedata.dll+0x125f70]
C  [librdi_wavedata.dll+0x1486be]
C  [librdi_wavedata.dll+0x1e1fae]
C  [librdi_wavedata.dll+0x1e1ecf]
C  [librdi_wavedata.dll+0x20b340]
C  [librdi_wavedata.dll+0x20b020]
C  [librdi_wavedata.dll+0x26882b]
C  [librdi_wavedata.dll+0x26a243]
C  [librdi_wavedata.dll+0x2430a0]
C  [librdi_wavedata.dll+0x24311d]
C  [librdi_wavedata.dll+0x2431c1]
C  [librdi_wavedata.dll+0x2696b4]
C  [librdi_wavedata.dll+0x239746]
C  [librdi_wavedata.dll+0x239515]
C  [librdi_wavedata.dll+0x275ccf]
C  0x000001cd8f7a3aba

Java frames: (J=compiled Java code, j=interpreted, Vv=VM code)
J 22032  ui.views.waveform.waveformi.WVExecutive_getGraphicsDataSize(J)J (0 bytes) @ 0x000001cd8f7a3a21 [0x000001cd8f7a39e0+0x0000000000000041]
J 22031 c1 ui.views.waveform.executive.a.gZe()Ljava/io/ByteArrayInputStream; (93 bytes) @ 0x000001cd887f1aac [0x000001cd887f19c0+0x00000000000000ec]
J 22030 c1 ui.views.waveform.b.a.gYQ()V (142 bytes) @ 0x000001cd88aa3934 [0x000001cd88aa3820+0x0000000000000114]
J 21459 c1 ui.views.waveform.w.cZO()V (38 bytes) @ 0x000001cd888904ec [0x000001cd8888fd80+0x000000000000076c]
J 20811 c1 ui.views.waveform.c.b.j(Lui/frmwork/b/i;)V (603 bytes) @ 0x000001cd88f622cc [0x000001cd88f58c20+0x00000000000096ac]
J 27416 c2 ui.views.waveform.w.a(Lui/frmwork/b/i;)V (17 bytes) @ 0x000001cd90344e64 [0x000001cd90344e20+0x0000000000000044]
J 24826 c2 ui.frmwork.b.l.d(Lui/frmwork/b/i;)V (61 bytes) @ 0x000001cd8fe57d44 [0x000001cd8fe57ae0+0x0000000000000264]
J 22960 c2 ui.frmwork.G.i(JZ)V (471 bytes) @ 0x000001cd8faaf1a0 [0x000001cd8faadae0+0x00000000000016c0]
J 24836 c2 ui.frmwork.G.fireTclEvent(J)I (113 bytes) @ 0x000001cd8fe5d700 [0x000001cd8fe5d080+0x0000000000000680]
v  ~StubRoutines::call_stub
J 23369  ui.views.waveform.waveformi.WVExecutive_processModelEvent(JJ)V (0 bytes) @ 0x000001cd8fb7b7a4 [0x000001cd8fb7b760+0x0000000000000044]
J 24104 c1 ui.views.waveform.c.b.eQ(J)V (109 bytes) @ 0x000001cd88c132e4 [0x000001cd88c131a0+0x0000000000000144]
J 20811 c1 ui.views.waveform.c.b.j(Lui/frmwork/b/i;)V (603 bytes) @ 0x000001cd88f63004 [0x000001cd88f58c20+0x000000000000a3e4]
J 27416 c2 ui.views.waveform.w.a(Lui/frmwork/b/i;)V (17 bytes) @ 0x000001cd90344e64 [0x000001cd90344e20+0x0000000000000044]
J 24826 c2 ui.frmwork.b.l.d(Lui/frmwork/b/i;)V (61 bytes) @ 0x000001cd8fe57d44 [0x000001cd8fe57ae0+0x0000000000000264]
J 22960 c2 ui.frmwork.G.i(JZ)V (471 bytes) @ 0x000001cd8faaf1a0 [0x000001cd8faadae0+0x00000000000016c0]
J 27445 c2 ui.frmwork.G$$Lambda$205.run()V (12 bytes) @ 0x000001cd90357be8 [0x000001cd90357ba0+0x0000000000000048]
J 12480 c2 java.awt.EventQueue$3.run()Ljava/lang/Object; java.desktop@9.0.4 (5 bytes) @ 0x000001cd8eb6fb8c [0x000001cd8eb6f8a0+0x00000000000002ec]
v  ~StubRoutines::call_stub
J 3863  java.security.AccessController.doPrivileged(Ljava/security/PrivilegedAction;Ljava/security/AccessControlContext;)Ljava/lang/Object; java.base@9.0.4 (0 bytes) @ 0x000001cd8e843646 [0x000001cd8e8435e0+0x0000000000000066]
J 12473 c2 java.awt.EventQueue.dispatchEvent(Ljava/awt/AWTEvent;)V java.desktop@9.0.4 (80 bytes) @ 0x000001cd8ea8e554 [0x000001cd8ea8e240+0x0000000000000314]
J 26120 c2 ui.frmwork.b.d.dispatchEvent(Ljava/awt/AWTEvent;)V (34 bytes) @ 0x000001cd90097e08 [0x000001cd90097d00+0x0000000000000108]
J 27592 c2 java.awt.EventDispatchThread.pumpOneEventForFilters(I)V java.desktop@9.0.4 (218 bytes) @ 0x000001cd903d9fb4 [0x000001cd903d9d00+0x00000000000002b4]
J 21203 c2 java.awt.EventDispatchThread.pumpEventsForFilter(ILjava/awt/Conditional;Ljava/awt/EventFilter;)V java.desktop@9.0.4 (47 bytes) @ 0x000001cd8f55e98c [0x000001cd8f55e7e0+0x00000000000001ac]
j  java.awt.EventDispatchThread.pumpEventsForFilter(Ljava/awt/Conditional;Ljava/awt/EventFilter;)V+4 java.desktop@9.0.4
j  java.awt.WaitDispatchSupport$2.run()V+59 java.desktop@9.0.4
j  java.awt.WaitDispatchSupport$4.run()Ljava/lang/Void;+4 java.desktop@9.0.4
j  java.awt.WaitDispatchSupport$4.run()Ljava/lang/Object;+1 java.desktop@9.0.4
v  ~StubRoutines::call_stub
J 1042  java.security.AccessController.doPrivileged(Ljava/security/PrivilegedAction;)Ljava/lang/Object; java.base@9.0.4 (0 bytes) @ 0x000001cd8e67cd32 [0x000001cd8e67cce0+0x0000000000000052]
j  java.awt.WaitDispatchSupport.enter()Z+260 java.desktop@9.0.4
j  java.awt.Dialog.show()V+225 java.desktop@9.0.4
J 26526 c1 ui.b.c.bB.showDialog()V (68 bytes) @ 0x000001cd88e55e94 [0x000001cd88e55300+0x0000000000000b94]
J 26796 c1 ui.b.c.bB.cSz()V (434 bytes) @ 0x000001cd89c33d94 [0x000001cd89c2a080+0x0000000000009d14]
j  ui.views.c.t.b.a.run()V+60
j  ui.frmwork.a.epE()Z+66
j  ui.frmwork.Y.erq()V+42
j  ui.bm.actionPerformed(Ljava/awt/event/ActionEvent;)V+25
J 23195 c1 javax.swing.AbstractButton.fireActionPerformed(Ljava/awt/event/ActionEvent;)V java.desktop@9.0.4 (96 bytes) @ 0x000001cd891b3d2c [0x000001cd891b34c0+0x000000000000086c]
J 24494 c1 ui.utils.p.b.E.fireActionPerformed(Ljava/awt/event/ActionEvent;)V (11 bytes) @ 0x000001cd8919bc64 [0x000001cd8919bbc0+0x00000000000000a4]
J 24037 c1 javax.swing.AbstractButton$Handler.actionPerformed(Ljava/awt/event/ActionEvent;)V java.desktop@9.0.4 (9 bytes) @ 0x000001cd87bff544 [0x000001cd87bff440+0x0000000000000104]
J 24036 c1 javax.swing.DefaultButtonModel.fireActionPerformed(Ljava/awt/event/ActionEvent;)V java.desktop@9.0.4 (46 bytes) @ 0x000001cd882e5494 [0x000001cd882e51e0+0x00000000000002b4]
J 22545 c1 javax.swing.DefaultButtonModel.setPressed(Z)V java.desktop@9.0.4 (125 bytes) @ 0x000001cd88c85744 [0x000001cd88c84880+0x0000000000000ec4]
J 24057 c1 javax.swing.plaf.basic.BasicButtonListener.mouseReleased(Ljava/awt/event/MouseEvent;)V java.desktop@9.0.4 (48 bytes) @ 0x000001cd885ee12c [0x000001cd885edd00+0x000000000000042c]
J 24487 c1 com.jidesoft.plaf.basic.BasicJideButtonListener.mouseReleased(Ljava/awt/event/MouseEvent;)V (70 bytes) @ 0x000001cd897dd1a4 [0x000001cd897dc940+0x0000000000000864]
J 19755 c1 java.awt.AWTEventMulticaster.mouseReleased(Ljava/awt/event/MouseEvent;)V java.desktop@9.0.4 (27 bytes) @ 0x000001cd8984ed8c [0x000001cd8984eb80+0x000000000000020c]
J 19755 c1 java.awt.AWTEventMulticaster.mouseReleased(Ljava/awt/event/MouseEvent;)V java.desktop@9.0.4 (27 bytes) @ 0x000001cd8984ed8c [0x000001cd8984eb80+0x000000000000020c]
J 19755 c1 java.awt.AWTEventMulticaster.mouseReleased(Ljava/awt/event/MouseEvent;)V java.desktop@9.0.4 (27 bytes) @ 0x000001cd8984ed8c [0x000001cd8984eb80+0x000000000000020c]
J 27758 c2 javax.swing.JComponent.processMouseEvent(Ljava/awt/event/MouseEvent;)V java.desktop@9.0.4 (27 bytes) @ 0x000001cd90424de4 [0x000001cd90424ca0+0x0000000000000144]
J 18624 c2 java.awt.Component.processEvent(Ljava/awt/AWTEvent;)V java.desktop@9.0.4 (220 bytes) @ 0x000001cd8eebe720 [0x000001cd8eebe620+0x0000000000000100]
J 19750 c2 java.awt.Container.processEvent(Ljava/awt/AWTEvent;)V java.desktop@9.0.4 (22 bytes) @ 0x000001cd8f84e2dc [0x000001cd8f84e240+0x000000000000009c]
J 26366 c2 java.awt.Component.dispatchEventImpl(Ljava/awt/AWTEvent;)V java.desktop@9.0.4 (739 bytes) @ 0x000001cd90142a54 [0x000001cd901420c0+0x0000000000000994]
J 27770 c2 java.awt.Container.dispatchEventImpl(Ljava/awt/AWTEvent;)V java.desktop@9.0.4 (129 bytes) @ 0x000001cd9042791c [0x000001cd90427340+0x00000000000005dc]
J 19240 c2 java.awt.LightweightDispatcher.retargetMouseEvent(Ljava/awt/Component;ILjava/awt/event/MouseEvent;)V java.desktop@9.0.4 (350 bytes) @ 0x000001cd8f7a1018 [0x000001cd8f7a0a40+0x00000000000005d8]
J 17805 c2 java.awt.LightweightDispatcher.processMouseEvent(Ljava/awt/event/MouseEvent;)Z java.desktop@9.0.4 (265 bytes) @ 0x000001cd8f68af78 [0x000001cd8f68a7c0+0x00000000000007b8]
J 27770 c2 java.awt.Container.dispatchEventImpl(Ljava/awt/AWTEvent;)V java.desktop@9.0.4 (129 bytes) @ 0x000001cd90427bec [0x000001cd90427340+0x00000000000008ac]
J 17694 c2 java.awt.Window.dispatchEventImpl(Ljava/awt/AWTEvent;)V java.desktop@9.0.4 (23 bytes) @ 0x000001cd8f65478c [0x000001cd8f654740+0x000000000000004c]
J 12480 c2 java.awt.EventQueue$3.run()Ljava/lang/Object; java.desktop@9.0.4 (5 bytes) @ 0x000001cd8eb6fa54 [0x000001cd8eb6f8a0+0x00000000000001b4]
v  ~StubRoutines::call_stub
J 3863  java.security.AccessController.doPrivileged(Ljava/security/PrivilegedAction;Ljava/security/AccessControlContext;)Ljava/lang/Object; java.base@9.0.4 (0 bytes) @ 0x000001cd8e843646 [0x000001cd8e8435e0+0x0000000000000066]
J 16593 c2 java.awt.EventQueue$4.run()Ljava/lang/Object; java.desktop@9.0.4 (5 bytes) @ 0x000001cd8f457340 [0x000001cd8f4570e0+0x0000000000000260]
v  ~StubRoutines::call_stub
J 3863  java.security.AccessController.doPrivileged(Ljava/security/PrivilegedAction;Ljava/security/AccessControlContext;)Ljava/lang/Object; java.base@9.0.4 (0 bytes) @ 0x000001cd8e843646 [0x000001cd8e8435e0+0x0000000000000066]
J 12473 c2 java.awt.EventQueue.dispatchEvent(Ljava/awt/AWTEvent;)V java.desktop@9.0.4 (80 bytes) @ 0x000001cd8ea8e7c4 [0x000001cd8ea8e240+0x0000000000000584]
J 26120 c2 ui.frmwork.b.d.dispatchEvent(Ljava/awt/AWTEvent;)V (34 bytes) @ 0x000001cd90097e08 [0x000001cd90097d00+0x0000000000000108]
J 27592 c2 java.awt.EventDispatchThread.pumpOneEventForFilters(I)V java.desktop@9.0.4 (218 bytes) @ 0x000001cd903d9fb4 [0x000001cd903d9d00+0x00000000000002b4]
J 20988% c2 java.awt.EventDispatchThread.pumpEventsForFilter(ILjava/awt/Conditional;Ljava/awt/EventFilter;)V java.desktop@9.0.4 (47 bytes) @ 0x000001cd8f3a3fd8 [0x000001cd8f3a3ec0+0x0000000000000118]
j  java.awt.EventDispatchThread.pumpEventsForHierarchy(ILjava/awt/Conditional;Ljava/awt/Component;)V+11 java.desktop@9.0.4
j  java.awt.EventDispatchThread.pumpEvents(ILjava/awt/Conditional;)V+4 java.desktop@9.0.4
j  java.awt.EventDispatchThread.pumpEvents(Ljava/awt/Conditional;)V+3 java.desktop@9.0.4
j  java.awt.EventDispatchThread.run()V+9 java.desktop@9.0.4
v  ~StubRoutines::call_stub

siginfo: EXCEPTION_ACCESS_VIOLATION (0xc0000005), reading address 0x0000000000000044


Register to memory mapping:

RIP=0x00007ffdc9191b49 is an unknown value
RAX=0x000001cdb6c19e50 is an unknown value
RBX=0x000001cda4cd4840 is an unknown value
RCX=0x0000000000000000 is an unknown value
RDX=0x000001cdb7de4a70 is an unknown value
RSP=0x000000a5140f43f0 is pointing into the stack for thread: 0x000001cd9f81b000
RBP=0x000000a5140f4590 is pointing into the stack for thread: 0x000001cd9f81b000
RSI=0x0000000000000000 is an unknown value
RDI=0x000000a5140f4550 is pointing into the stack for thread: 0x000001cd9f81b000
R8 =0x000000a5140f4490 is pointing into the stack for thread: 0x000001cd9f81b000
R9 =0x0000000000000018 is an unknown value
R10=0x0000000000000040 is an unknown value
R11=0xa86dba0000000001 is an unknown value
R12=0x000001cdb3d58620 is an unknown value
R13=0x0000000000000001 is an unknown value
R14=0x000001cdb7de4a70 is an unknown value
R15=0x000000a5140f4490 is pointing into the stack for thread: 0x000001cd9f81b000


Registers:
RAX=0x000001cdb6c19e50, RBX=0x000001cda4cd4840, RCX=0x0000000000000000, RDX=0x000001cdb7de4a70
RSP=0x000000a5140f43f0, RBP=0x000000a5140f4590, RSI=0x0000000000000000, RDI=0x000000a5140f4550
R8 =0x000000a5140f4490, R9 =0x0000000000000018, R10=0x0000000000000040, R11=0xa86dba0000000001
R12=0x000001cdb3d58620, R13=0x0000000000000001, R14=0x000001cdb7de4a70, R15=0x000000a5140f4490
RIP=0x00007ffdc9191b49, EFLAGS=0x0000000000010206

Top of Stack: (sp=0x000000a5140f43f0)
0x000000a5140f43f0:   000000a5140f4b20 0000000000000000
0x000000a5140f4400:   0000000000000000 000001cdb3d58620
0x000000a5140f4410:   000001cda4cd4840 0000000000000020
0x000000a5140f4420:   fffffffffffffffe 00007ffe4a5000a6
0x000000a5140f4430:   0000000000000000 00000000000004f8
0x000000a5140f4440:   000000a5140f4b20 0000000000001000
0x000000a5140f4450:   000000a5140f4550 00007ffdc91a5827
0x000000a5140f4460:   00000000000004f8 000001cda4cd4840
0x000000a5140f4470:   000001cdb6c19e50 000001cdb8799548
0x000000a5140f4480:   000001cda4cd4840 00007ffdc91a5532
0x000000a5140f4490:   000001cda4cd4840 000001cdb8799520
0x000000a5140f44a0:   0000000000000020 000001cdb8799520
0x000000a5140f44b0:   000001cdb8799520 0000000074d0876c
0x000000a5140f44c0:   000000070005cd01 000001cdb3d58620
0x000000a5140f44d0:   0000000000000001 000001cdb8799570
0x000000a5140f44e0:   0000000000000001 0000000000000000 

Instructions: (pc=0x00007ffdc9191b49)
0x00007ffdc9191b29:   50 48 c7 44 24 30 fe ff ff ff 48 89 5c 24 78 48
0x00007ffdc9191b39:   89 b4 24 80 00 00 00 4d 8b f8 4c 8b f2 48 8b f1
0x00007ffdc9191b49:   83 79 44 00 75 07 33 c0 e9 da 00 00 00 33 db 39
0x00007ffdc9191b59:   59 44 75 04 8b c3 eb 06 48 8b 41 48 8b 00 8b d0 



---------------  P R O C E S S  ---------------

Java Threads: ( => current thread )
  0x000001cdba85d800 JavaThread "Relaunch Simulation Thread" [_thread_blocked, id=880, stack(0x000000a518a00000,0x000000a518f00000)]
  0x000001cdb979c000 JavaThread "Thread-17794" [_thread_in_native, id=9284, stack(0x000000a514b00000,0x000000a514c00000)]
  0x000001cdb979d000 JavaThread "Thread-17558" [_thread_in_native, id=10572, stack(0x000000a512f00000,0x000000a513000000)]
  0x000001cdb979b800 JavaThread "Thread-17557" [_thread_in_native, id=10068, stack(0x000000a513000000,0x000000a513100000)]
  0x000001cdb979a800 JavaThread "Thread-16548" [_thread_in_native, id=6628, stack(0x000000a512d00000,0x000000a512e00000)]
  0x000001cdb979e800 JavaThread "Thread-16547" [_thread_in_native, id=8716, stack(0x000000a50c200000,0x000000a50c300000)]
  0x000001cdb203e000 JavaThread "Thread-16035" [_thread_in_native, id=7320, stack(0x000000a50c200000,0x000000a50c300000)]
  0x000001cdb203b800 JavaThread "Thread-15690" [_thread_in_native, id=10508, stack(0x000000a512d00000,0x000000a512e00000)]
  0x000001cdb203d000 JavaThread "Thread-15689" [_thread_in_native, id=7808, stack(0x000000a512e00000,0x000000a512f00000)]
  0x000001cdb203a000 JavaThread "Thread-12534" [_thread_in_native, id=6892, stack(0x000000a512d00000,0x000000a512e00000)]
  0x000001cdb203c800 JavaThread "Thread-12533" [_thread_in_native, id=10260, stack(0x000000a50c200000,0x000000a50c300000)]
  0x000001cdb2039800 JavaThread "Thread-12061" [_thread_in_native, id=11352, stack(0x000000a512d00000,0x000000a512e00000)]
  0x000001cdb2040000 JavaThread "Thread-12060" [_thread_in_native, id=8564, stack(0x000000a50c200000,0x000000a50c300000)]
  0x000001cdb203e800 JavaThread "Thread-10860" [_thread_in_native, id=10376, stack(0x000000a512d00000,0x000000a512e00000)]
  0x000001cdb2031000 JavaThread "Thread-10859" [_thread_in_native, id=13080, stack(0x000000a50c200000,0x000000a50c300000)]
  0x000001cdb2035000 JavaThread "Thread-8683" [_thread_in_native, id=10168, stack(0x000000a512d00000,0x000000a512e00000)]
  0x000001cdb2038000 JavaThread "Thread-8682" [_thread_in_native, id=12644, stack(0x000000a50c200000,0x000000a50c300000)]
  0x000001cdb2034000 JavaThread "Thread-7239" [_thread_in_native, id=11720, stack(0x000000a512d00000,0x000000a512e00000)]
  0x000001cdb2032800 JavaThread "Thread-7238" [_thread_in_native, id=1968, stack(0x000000a50c200000,0x000000a50c300000)]
  0x000001cdb2035800 JavaThread "SyntheticaAnimation 50" daemon [_thread_blocked, id=9356, stack(0x000000a518500000,0x000000a518a00000)]
  0x000001cdaf727000 JavaThread "Thread-5282" [_thread_in_native, id=8032, stack(0x000000a512d00000,0x000000a512e00000)]
  0x000001cdaf72b800 JavaThread "Thread-5281" [_thread_in_native, id=3100, stack(0x000000a50c200000,0x000000a50c300000)]
  0x000001cdaf72a800 JavaThread "Thread-3998" [_thread_in_native, id=9600, stack(0x000000a512d00000,0x000000a512e00000)]
  0x000001cdaf72a000 JavaThread "Thread-3997" [_thread_in_native, id=11136, stack(0x000000a50c100000,0x000000a50c200000)]
  0x000001cdaf722800 JavaThread "Thread-3322" [_thread_in_native, id=7128, stack(0x000000a50c100000,0x000000a50c200000)]
  0x000001cdaf729000 JavaThread "Thread-3321" [_thread_in_native, id=5388, stack(0x000000a512d00000,0x000000a512e00000)]
  0x000001cdaf71f800 JavaThread "Monitor File Timestamp Swing Worker Thread" [_thread_blocked, id=12296, stack(0x000000a518000000,0x000000a518500000)]
  0x000001cdaf726000 JavaThread "Timer-0" [_thread_blocked, id=14000, stack(0x000000a517b00000,0x000000a518000000)]
  0x000001cdaf725800 JavaThread "Image Animator 3" daemon [_thread_blocked, id=5132, stack(0x000000a517600000,0x000000a517b00000)]
  0x000001cdaf71e000 JavaThread "SyntheticaAnimation 50" daemon [_thread_blocked, id=13520, stack(0x000000a516c00000,0x000000a517100000)]
  0x000001cdaf724800 JavaThread "Thread-1246" [_thread_in_native, id=10964, stack(0x000000a50c200000,0x000000a50c300000)]
  0x000001cdaf71d000 JavaThread "Thread-1245" [_thread_in_native, id=9452, stack(0x000000a50c100000,0x000000a50c200000)]
  0x000001cdaf724000 JavaThread "Update Runs Swing Worker Thread" [_thread_blocked, id=3988, stack(0x000000a517100000,0x000000a517600000)]
  0x000001cdaf723000 JavaThread "hw_ila_monitor" [_thread_blocked, id=6952, stack(0x000000a516200000,0x000000a516700000)]
  0x000001cdaf721000 JavaThread "Refresh Filesets Swing Worker Thread" [_thread_blocked, id=7460, stack(0x000000a515d00000,0x000000a516200000)]
  0x000001cdfcaf5000 JavaThread "SyntheticaAnimation 70" daemon [_thread_blocked, id=7384, stack(0x000000a514100000,0x000000a514600000)]
  0x000001cdfcaef000 JavaThread "SyntheticaAnimation 25" daemon [_thread_blocked, id=13384, stack(0x000000a515800000,0x000000a515d00000)]
  0x000001cdfcaee800 JavaThread "SyntheticaAnimation 50" daemon [_thread_blocked, id=3860, stack(0x000000a515300000,0x000000a515800000)]
  0x000001cdfcaf2000 JavaThread "SyntheticaCleanerThread" daemon [_thread_blocked, id=8668, stack(0x000000a514600000,0x000000a514b00000)]
  0x000001cdfcaf4800 JavaThread "Batik CleanerThread" daemon [_thread_blocked, id=12328, stack(0x000000a511e00000,0x000000a512300000)]
=>0x000001cd9f81b000 JavaThread "AWT-EventQueue-1" [_thread_in_native, id=11800, stack(0x000000a513c00000,0x000000a514100000)]
  0x000001cdfa077000 JavaThread "AWT-Shutdown" [_thread_blocked, id=12036, stack(0x000000a513700000,0x000000a513c00000)]
  0x000001cd9facb000 JavaThread "Process Messages Thread" [_thread_blocked, id=11940, stack(0x000000a513200000,0x000000a513700000)]
  0x000001cd9f800000 JavaThread "Thread-1" [_thread_in_native, id=11572, stack(0x000000a50c500000,0x000000a50d900000)]
  0x000001cd9f1ca800 JavaThread "TimerQueue" daemon [_thread_blocked, id=2180, stack(0x000000a512800000,0x000000a512d00000)]
  0x000001cdf9e46000 JavaThread "AWT-Windows" daemon [_thread_in_native, id=12264, stack(0x000000a512300000,0x000000a512800000)]
  0x000001cdf98f9800 JavaThread "Java2D Disposer" daemon [_thread_blocked, id=10908, stack(0x000000a511900000,0x000000a511e00000)]
  0x000001cdf953f800 JavaThread "Service Thread" daemon [_thread_blocked, id=12204, stack(0x000000a511300000,0x000000a511800000)]
  0x000001cdfac9d000 JavaThread "Common-Cleaner" daemon [_thread_blocked, id=3436, stack(0x000000a510e00000,0x000000a511300000)]
  0x000001cdfcaf0000 JavaThread "Sweeper thread" daemon [_thread_blocked, id=11220, stack(0x000000a510900000,0x000000a510e00000)]
  0x000001cdfd188800 JavaThread "C1 CompilerThread3" daemon [_thread_blocked, id=10740, stack(0x000000a510800000,0x000000a510900000)]
  0x000001cdfd187800 JavaThread "C2 CompilerThread2" daemon [_thread_blocked, id=8584, stack(0x000000a510700000,0x000000a510800000)]
  0x000001cdfd187000 JavaThread "C2 CompilerThread1" daemon [_thread_blocked, id=3300, stack(0x000000a510600000,0x000000a510700000)]
  0x000001cdfd186000 JavaThread "C2 CompilerThread0" daemon [_thread_blocked, id=4108, stack(0x000000a510500000,0x000000a510600000)]
  0x000001cdf854f800 JavaThread "Attach Listener" daemon [_thread_blocked, id=4168, stack(0x000000a510000000,0x000000a510500000)]
  0x000001cdf855e000 JavaThread "Signal Dispatcher" daemon [_thread_blocked, id=4692, stack(0x000000a50fb00000,0x000000a510000000)]
  0x000001cdf8553800 JavaThread "Finalizer" daemon [_thread_blocked, id=10308, stack(0x000000a50f600000,0x000000a50fb00000)]
  0x000001cdf8552800 JavaThread "Reference Handler" daemon [_thread_blocked, id=6460, stack(0x000000a50f100000,0x000000a50f600000)]
  0x000001cdfcf6d800 JavaThread "main" [_thread_blocked, id=7140, stack(0x000000a50db00000,0x000000a50dc00000)]

Other Threads:
  0x000001cdf8546800 VMThread "VM Thread" [stack: 0x000000a50f000000,0x000000a50f100000] [id=5400]
  0x000001cdf94cb800 WatcherThread [stack: 0x000000a511800000,0x000000a511900000] [id=12992]
  0x000001cdfac65800 GCTaskThread "GC Thread#0" [stack: 0x000000a50dc00000,0x000000a50dd00000] [id=11932]
  0x000001cdfa87b800 GCTaskThread "GC Thread#1" [stack: 0x000000a50dd00000,0x000000a50de00000] [id=2804]
  0x000001cdfa87c000 GCTaskThread "GC Thread#2" [stack: 0x000000a50de00000,0x000000a50df00000] [id=10452]
  0x000001cdfa87a000 GCTaskThread "GC Thread#3" [stack: 0x000000a50df00000,0x000000a50e000000] [id=8112]
  0x000001cdfa87a800 GCTaskThread "GC Thread#4" [stack: 0x000000a50e000000,0x000000a50e100000] [id=1356]
  0x000001cdfa877000 GCTaskThread "GC Thread#5" [stack: 0x000000a50e100000,0x000000a50e200000] [id=1188]
  0x000001cdfa878000 GCTaskThread "GC Thread#6" [stack: 0x000000a50e200000,0x000000a50e300000] [id=1656]
  0x000001cdfa877800 GCTaskThread "GC Thread#7" [stack: 0x000000a50e300000,0x000000a50e400000] [id=12032]
  0x000001cdfcaf6800 ConcurrentGCThread "G1 Main Marker" [stack: 0x000000a50ed00000,0x000000a50ee00000] [id=3344]
  0x000001cdfa879000 ConcurrentGCThread "G1 Marker#0" [stack: 0x000000a50ee00000,0x000000a50ef00000] [id=10644]
  0x000001cdfa87c800 ConcurrentGCThread "G1 Marker#1" [stack: 0x000000a50ef00000,0x000000a50f000000] [id=932]
  0x000001cdf7743800 ConcurrentGCThread "G1 Refine#0" [stack: 0x000000a50eb00000,0x000000a50ec00000] [id=5352]
  0x000001cdf7742800 ConcurrentGCThread "G1 Refine#1" [stack: 0x000000a50ea00000,0x000000a50eb00000] [id=13264]
  0x000001cdfd90c000 ConcurrentGCThread "G1 Refine#2" [stack: 0x000000a50e900000,0x000000a50ea00000] [id=12344]
  0x000001cdfd90b800 ConcurrentGCThread "G1 Refine#3" [stack: 0x000000a50e800000,0x000000a50e900000] [id=8868]
  0x000001cdfa880800 ConcurrentGCThread "G1 Refine#4" [stack: 0x000000a50e700000,0x000000a50e800000] [id=9052]
  0x000001cdf77de800 ConcurrentGCThread "G1 Refine#5" [stack: 0x000000a50e600000,0x000000a50e700000] [id=11224]
  0x000001cdf77dd800 ConcurrentGCThread "G1 Refine#6" [stack: 0x000000a50e500000,0x000000a50e600000] [id=12728]
  0x000001cdf774b000 ConcurrentGCThread "G1 Refine#7" [stack: 0x000000a50e400000,0x000000a50e500000] [id=7476]
  0x000001cdfac2a800 ConcurrentGCThread "G1 Young RemSet Sampling" [stack: 0x000000a50ec00000,0x000000a50ed00000] [id=12460]

Threads with active compile tasks:

VM state:not at safepoint (normal execution)

VM Mutex/Monitor currently owned by a thread: None

Heap address: 0x0000000700000000, size: 3072 MB, Compressed Oops mode: Zero based, Oop shift amount: 3
Narrow klass base: 0x0000000000000000, Narrow klass shift: 3
Compressed class space size: 1073741824 Address: 0x00000007c0000000

Heap:
 garbage-first heap   total 267264K, used 109669K [0x0000000700000000, 0x0000000700100828, 0x00000007c0000000)
  region size 1024K, 31 young (31744K), 2 survivors (2048K)
 Metaspace       used 85092K, capacity 86931K, committed 94412K, reserved 1130496K
  class space    used 10799K, capacity 11212K, committed 12800K, reserved 1048576K
Heap Regions: E=young(eden), S=young(survivor), O=old, HS=humongous(starts), HC=humongous(continues), CS=collection set, F=free, A=archive, TS=gc time stamp, AC=allocation context, TAMS=top-at-mark-start (previous, next)
|   0|0x0000000700000000, 0x00000007000fffe8, 0x0000000700100000| 99%| O|  |TS  0|AC  0|TAMS 0x0000000700000000, 0x0000000700000000|
|   1|0x0000000700100000, 0x00000007001e8360, 0x0000000700200000| 90%| O|  |TS  0|AC  0|TAMS 0x0000000700100000, 0x0000000700100000|
|   2|0x0000000700200000, 0x00000007002d0920, 0x0000000700300000| 81%| O|  |TS  0|AC  0|TAMS 0x0000000700200000, 0x0000000700200000|
|   3|0x0000000700300000, 0x00000007003f8ab0, 0x0000000700400000| 97%| O|  |TS  0|AC  0|TAMS 0x0000000700300000, 0x0000000700300000|
|   4|0x0000000700400000, 0x0000000700500000, 0x0000000700500000|100%|HS|  |TS  0|AC  0|TAMS 0x0000000700400000, 0x0000000700400000|
|   5|0x0000000700500000, 0x0000000700600000, 0x0000000700600000|100%|HC|  |TS  0|AC  0|TAMS 0x0000000700500000, 0x0000000700500000|
|   6|0x0000000700600000, 0x0000000700700000, 0x0000000700700000|100%|HS|  |TS  0|AC  0|TAMS 0x0000000700600000, 0x0000000700600000|
|   7|0x0000000700700000, 0x00000007007ec7a0, 0x0000000700800000| 92%| O|  |TS  0|AC  0|TAMS 0x0000000700700000, 0x0000000700700000|
|   8|0x0000000700800000, 0x00000007008dac18, 0x0000000700900000| 85%| O|  |TS  0|AC  0|TAMS 0x0000000700800000, 0x0000000700800000|
|   9|0x0000000700900000, 0x00000007009f6188, 0x0000000700a00000| 96%| O|  |TS  0|AC  0|TAMS 0x0000000700900000, 0x0000000700900000|
|  10|0x0000000700a00000, 0x0000000700affed0, 0x0000000700b00000| 99%| O|  |TS  0|AC  0|TAMS 0x0000000700a00000, 0x0000000700a00000|
|  11|0x0000000700b00000, 0x0000000700bffff8, 0x0000000700c00000| 99%| O|  |TS  0|AC  0|TAMS 0x0000000700b00000, 0x0000000700b00000|
|  12|0x0000000700c00000, 0x0000000700cffff0, 0x0000000700d00000| 99%| O|  |TS  0|AC  0|TAMS 0x0000000700c00000, 0x0000000700c00000|
|  13|0x0000000700d00000, 0x0000000700e00000, 0x0000000700e00000|100%| O|  |TS  0|AC  0|TAMS 0x0000000700d00000, 0x0000000700d00000|
|  14|0x0000000700e00000, 0x0000000700efc7d0, 0x0000000700f00000| 98%| O|  |TS  0|AC  0|TAMS 0x0000000700e00000, 0x0000000700e00000|
|  15|0x0000000700f00000, 0x0000000701000000, 0x0000000701000000|100%|HS|  |TS  0|AC  0|TAMS 0x0000000700f00000, 0x0000000700f00000|
|  16|0x0000000701000000, 0x00000007010f1ea0, 0x0000000701100000| 94%| O|  |TS  0|AC  0|TAMS 0x0000000701000000, 0x0000000701000000|
|  17|0x0000000701100000, 0x00000007011ffc70, 0x0000000701200000| 99%| O|  |TS  0|AC  0|TAMS 0x0000000701100000, 0x0000000701100000|
|  18|0x0000000701200000, 0x00000007012ffff8, 0x0000000701300000| 99%| O|  |TS  0|AC  0|TAMS 0x0000000701200000, 0x0000000701200000|
|  19|0x0000000701300000, 0x0000000701400000, 0x0000000701400000|100%| O|  |TS  0|AC  0|TAMS 0x0000000701300000, 0x0000000701300000|
|  20|0x0000000701400000, 0x00000007014fff98, 0x0000000701500000| 99%| O|  |TS  0|AC  0|TAMS 0x0000000701400000, 0x0000000701400000|
|  21|0x0000000701500000, 0x00000007015fffd0, 0x0000000701600000| 99%| O|  |TS  0|AC  0|TAMS 0x0000000701500000, 0x0000000701500000|
|  22|0x0000000701600000, 0x0000000701700000, 0x0000000701700000|100%| O|  |TS  0|AC  0|TAMS 0x0000000701600000, 0x0000000701600000|
|  23|0x0000000701700000, 0x00000007017ffff8, 0x0000000701800000| 99%| O|  |TS  0|AC  0|TAMS 0x0000000701700000, 0x0000000701700000|
|  24|0x0000000701800000, 0x00000007018ffff8, 0x0000000701900000| 99%| O|  |TS  0|AC  0|TAMS 0x0000000701800000, 0x0000000701800000|
|  25|0x0000000701900000, 0x00000007019fff98, 0x0000000701a00000| 99%| O|  |TS  0|AC  0|TAMS 0x0000000701900000, 0x0000000701900000|
|  26|0x0000000701a00000, 0x0000000701afffc0, 0x0000000701b00000| 99%| O|  |TS  0|AC  0|TAMS 0x0000000701a00000, 0x0000000701a00000|
|  27|0x0000000701b00000, 0x0000000701bffff8, 0x0000000701c00000| 99%| O|  |TS  0|AC  0|TAMS 0x0000000701b00000, 0x0000000701b00000|
|  28|0x0000000701c00000, 0x0000000701cffe70, 0x0000000701d00000| 99%| O|  |TS  0|AC  0|TAMS 0x0000000701c00000, 0x0000000701c00000|
|  29|0x0000000701d00000, 0x0000000701dfffc0, 0x0000000701e00000| 99%| O|  |TS  0|AC  0|TAMS 0x0000000701d00000, 0x0000000701d00000|
|  30|0x0000000701e00000, 0x0000000701efffe8, 0x0000000701f00000| 99%| O|  |TS  0|AC  0|TAMS 0x0000000701e00000, 0x0000000701e00000|
|  31|0x0000000701f00000, 0x0000000701fffff0, 0x0000000702000000| 99%| O|  |TS  0|AC  0|TAMS 0x0000000701f00000, 0x0000000701f00000|
|  32|0x0000000702000000, 0x0000000702100000, 0x0000000702100000|100%| O|  |TS  0|AC  0|TAMS 0x0000000702000000, 0x0000000702000000|
|  33|0x0000000702100000, 0x0000000702200000, 0x0000000702200000|100%| O|  |TS  0|AC  0|TAMS 0x0000000702100000, 0x0000000702100000|
|  34|0x0000000702200000, 0x0000000702300000, 0x0000000702300000|100%| O|  |TS  0|AC  0|TAMS 0x0000000702200000, 0x0000000702200000|
|  35|0x0000000702300000, 0x00000007023e6ab8, 0x0000000702400000| 90%| O|  |TS  0|AC  0|TAMS 0x0000000702300000, 0x0000000702300000|
|  36|0x0000000702400000, 0x00000007024fffc8, 0x0000000702500000| 99%| O|  |TS  0|AC  0|TAMS 0x0000000702400000, 0x0000000702400000|
|  37|0x0000000702500000, 0x0000000702600000, 0x0000000702600000|100%| O|  |TS  0|AC  0|TAMS 0x0000000702500000, 0x0000000702500000|
|  38|0x0000000702600000, 0x00000007026ffff8, 0x0000000702700000| 99%| O|  |TS  0|AC  0|TAMS 0x0000000702600000, 0x0000000702600000|
|  39|0x0000000702700000, 0x00000007027fe4a0, 0x0000000702800000| 99%| O|  |TS  0|AC  0|TAMS 0x0000000702700000, 0x0000000702700000|
|  40|0x0000000702800000, 0x00000007028fffd8, 0x0000000702900000| 99%| O|  |TS  0|AC  0|TAMS 0x0000000702800000, 0x0000000702800000|
|  41|0x0000000702900000, 0x0000000702a00000, 0x0000000702a00000|100%| O|  |TS  0|AC  0|TAMS 0x0000000702900000, 0x0000000702900000|
|  42|0x0000000702a00000, 0x0000000702afe418, 0x0000000702b00000| 99%| O|  |TS  0|AC  0|TAMS 0x0000000702a00000, 0x0000000702a00000|
|  43|0x0000000702b00000, 0x0000000702bffff0, 0x0000000702c00000| 99%| O|  |TS  0|AC  0|TAMS 0x0000000702b00000, 0x0000000702b00000|
|  44|0x0000000702c00000, 0x0000000702cffff8, 0x0000000702d00000| 99%| O|  |TS  0|AC  0|TAMS 0x0000000702c00000, 0x0000000702c00000|
|  45|0x0000000702d00000, 0x0000000702dfff50, 0x0000000702e00000| 99%| O|  |TS  0|AC  0|TAMS 0x0000000702d00000, 0x0000000702d00000|
|  46|0x0000000702e00000, 0x0000000702effff8, 0x0000000702f00000| 99%| O|  |TS  0|AC  0|TAMS 0x0000000702e00000, 0x0000000702e00000|
|  47|0x0000000702f00000, 0x0000000702fffe70, 0x0000000703000000| 99%| O|  |TS  0|AC  0|TAMS 0x0000000702f00000, 0x0000000702f00000|
|  48|0x0000000703000000, 0x00000007030ffff8, 0x0000000703100000| 99%| O|  |TS  0|AC  0|TAMS 0x0000000703000000, 0x0000000703000000|
|  49|0x0000000703100000, 0x00000007031ffff0, 0x0000000703200000| 99%| O|  |TS  0|AC  0|TAMS 0x0000000703100000, 0x0000000703100000|
|  50|0x0000000703200000, 0x00000007032fcd68, 0x0000000703300000| 98%| O|  |TS  0|AC  0|TAMS 0x0000000703200000, 0x0000000703200000|
|  51|0x0000000703300000, 0x00000007033fffd8, 0x0000000703400000| 99%| O|  |TS  0|AC  0|TAMS 0x0000000703300000, 0x0000000703300000|
|  52|0x0000000703400000, 0x00000007034fffe0, 0x0000000703500000| 99%| O|  |TS  0|AC  0|TAMS 0x0000000703400000, 0x0000000703400000|
|  53|0x0000000703500000, 0x00000007035ffff0, 0x0000000703600000| 99%| O|  |TS  0|AC  0|TAMS 0x0000000703500000, 0x0000000703500000|
|  54|0x0000000703600000, 0x00000007036ffff8, 0x0000000703700000| 99%| O|  |TS  0|AC  0|TAMS 0x0000000703600000, 0x0000000703600000|
|  55|0x0000000703700000, 0x00000007037ff260, 0x0000000703800000| 99%| O|  |TS  0|AC  0|TAMS 0x0000000703700000, 0x0000000703700000|
|  56|0x0000000703800000, 0x00000007038d93b8, 0x0000000703900000| 84%| O|  |TS  0|AC  0|TAMS 0x0000000703800000, 0x0000000703800000|
|  57|0x0000000703900000, 0x0000000703900000, 0x0000000703a00000|  0%| F|  |TS  0|AC  0|TAMS 0x0000000703900000, 0x0000000703900000|
|  58|0x0000000703a00000, 0x0000000703b00000, 0x0000000703b00000|100%|HS|  |TS  0|AC  0|TAMS 0x0000000703a00000, 0x0000000703a00000|
|  59|0x0000000703b00000, 0x0000000703b00000, 0x0000000703c00000|  0%| F|  |TS  0|AC  0|TAMS 0x0000000703b00000, 0x0000000703b00000|
|  60|0x0000000703c00000, 0x0000000703c00000, 0x0000000703d00000|  0%| F|  |TS  0|AC  0|TAMS 0x0000000703c00000, 0x0000000703c00000|
|  61|0x0000000703d00000, 0x0000000703d00000, 0x0000000703e00000|  0%| F|  |TS  0|AC  0|TAMS 0x0000000703d00000, 0x0000000703d00000|
|  62|0x0000000703e00000, 0x0000000703e00000, 0x0000000703f00000|  0%| F|  |TS  0|AC  0|TAMS 0x0000000703e00000, 0x0000000703e00000|
|  63|0x0000000703f00000, 0x0000000703f00000, 0x0000000704000000|  0%| F|  |TS  0|AC  0|TAMS 0x0000000703f00000, 0x0000000703f00000|
|  64|0x0000000704000000, 0x0000000704000000, 0x0000000704100000|  0%| F|  |TS  0|AC  0|TAMS 0x0000000704000000, 0x0000000704000000|
|  65|0x0000000704100000, 0x0000000704100000, 0x0000000704200000|  0%| F|  |TS  0|AC  0|TAMS 0x0000000704100000, 0x0000000704100000|
|  66|0x0000000704200000, 0x0000000704200000, 0x0000000704300000|  0%| F|  |TS  0|AC  0|TAMS 0x0000000704200000, 0x0000000704200000|
|  67|0x0000000704300000, 0x0000000704300000, 0x0000000704400000|  0%| F|  |TS  0|AC  0|TAMS 0x0000000704300000, 0x0000000704300000|
|  68|0x0000000704400000, 0x0000000704400000, 0x0000000704500000|  0%| F|  |TS  0|AC  0|TAMS 0x0000000704400000, 0x0000000704400000|
|  69|0x0000000704500000, 0x0000000704500000, 0x0000000704600000|  0%| F|  |TS  0|AC  0|TAMS 0x0000000704500000, 0x0000000704500000|
|  70|0x0000000704600000, 0x0000000704600000, 0x0000000704700000|  0%| F|  |TS  0|AC  0|TAMS 0x0000000704600000, 0x0000000704600000|
|  71|0x0000000704700000, 0x0000000704700000, 0x0000000704800000|  0%| F|  |TS  0|AC  0|TAMS 0x0000000704700000, 0x0000000704700000|
|  72|0x0000000704800000, 0x0000000704800000, 0x0000000704900000|  0%| F|  |TS  0|AC  0|TAMS 0x0000000704800000, 0x0000000704800000|
|  73|0x0000000704900000, 0x0000000704900000, 0x0000000704a00000|  0%| F|  |TS  0|AC  0|TAMS 0x0000000704900000, 0x0000000704900000|
|  74|0x0000000704a00000, 0x0000000704a00000, 0x0000000704b00000|  0%| F|  |TS  0|AC  0|TAMS 0x0000000704a00000, 0x0000000704a00000|
|  75|0x0000000704b00000, 0x0000000704b00000, 0x0000000704c00000|  0%| F|  |TS  0|AC  0|TAMS 0x0000000704b00000, 0x0000000704b00000|
|  76|0x0000000704c00000, 0x0000000704c00000, 0x0000000704d00000|  0%| F|  |TS  0|AC  0|TAMS 0x0000000704c00000, 0x0000000704c00000|
|  77|0x0000000704d00000, 0x0000000704d00000, 0x0000000704e00000|  0%| F|  |TS  0|AC  0|TAMS 0x0000000704d00000, 0x0000000704d00000|
|  78|0x0000000704e00000, 0x0000000704f00000, 0x0000000704f00000|100%|HS|  |TS  0|AC  0|TAMS 0x0000000704e00000, 0x0000000704e00000|
|  79|0x0000000704f00000, 0x0000000705000000, 0x0000000705000000|100%|HC|  |TS  0|AC  0|TAMS 0x0000000704f00000, 0x0000000704f00000|
|  80|0x0000000705000000, 0x0000000705100000, 0x0000000705100000|100%|HC|  |TS  0|AC  0|TAMS 0x0000000705000000, 0x0000000705000000|
|  81|0x0000000705100000, 0x0000000705200000, 0x0000000705200000|100%|HC|  |TS  0|AC  0|TAMS 0x0000000705100000, 0x0000000705100000|
|  82|0x0000000705200000, 0x0000000705300000, 0x0000000705300000|100%|HC|  |TS  0|AC  0|TAMS 0x0000000705200000, 0x0000000705200000|
|  83|0x0000000705300000, 0x0000000705400000, 0x0000000705400000|100%|HC|  |TS  0|AC  0|TAMS 0x0000000705300000, 0x0000000705300000|
|  84|0x0000000705400000, 0x0000000705500000, 0x0000000705500000|100%|HC|  |TS  0|AC  0|TAMS 0x0000000705400000, 0x0000000705400000|
|  85|0x0000000705500000, 0x0000000705600000, 0x0000000705600000|100%|HC|  |TS  0|AC  0|TAMS 0x0000000705500000, 0x0000000705500000|
|  86|0x0000000705600000, 0x0000000705700000, 0x0000000705700000|100%|HC|  |TS  0|AC  0|TAMS 0x0000000705600000, 0x0000000705600000|
|  87|0x0000000705700000, 0x0000000705800000, 0x0000000705800000|100%|HC|  |TS  0|AC  0|TAMS 0x0000000705700000, 0x0000000705700000|
|  88|0x0000000705800000, 0x0000000705900000, 0x0000000705900000|100%|HC|  |TS  0|AC  0|TAMS 0x0000000705800000, 0x0000000705800000|
|  89|0x0000000705900000, 0x0000000705a00000, 0x0000000705a00000|100%|HC|  |TS  0|AC  0|TAMS 0x0000000705900000, 0x0000000705900000|
|  90|0x0000000705a00000, 0x0000000705b00000, 0x0000000705b00000|100%|HC|  |TS  0|AC  0|TAMS 0x0000000705a00000, 0x0000000705a00000|
|  91|0x0000000705b00000, 0x0000000705b00000, 0x0000000705c00000|  0%| F|  |TS  0|AC  0|TAMS 0x0000000705b00000, 0x0000000705b00000|
|  92|0x0000000705c00000, 0x0000000705c00000, 0x0000000705d00000|  0%| F|  |TS  0|AC  0|TAMS 0x0000000705c00000, 0x0000000705c00000|
|  93|0x0000000705d00000, 0x0000000705d00000, 0x0000000705e00000|  0%| F|  |TS  0|AC  0|TAMS 0x0000000705d00000, 0x0000000705d00000|
|  94|0x0000000705e00000, 0x0000000705e00000, 0x0000000705f00000|  0%| F|  |TS  0|AC  0|TAMS 0x0000000705e00000, 0x0000000705e00000|
|  95|0x0000000705f00000, 0x0000000705f00000, 0x0000000706000000|  0%| F|  |TS  0|AC  0|TAMS 0x0000000705f00000, 0x0000000705f00000|
|  96|0x0000000706000000, 0x0000000706000000, 0x0000000706100000|  0%| F|  |TS  0|AC  0|TAMS 0x0000000706000000, 0x0000000706000000|
|  97|0x0000000706100000, 0x0000000706100000, 0x0000000706200000|  0%| F|  |TS  0|AC  0|TAMS 0x0000000706100000, 0x0000000706100000|
|  98|0x0000000706200000, 0x0000000706200000, 0x0000000706300000|  0%| F|  |TS  0|AC  0|TAMS 0x0000000706200000, 0x0000000706200000|
|  99|0x0000000706300000, 0x0000000706300000, 0x0000000706400000|  0%| F|  |TS  0|AC  0|TAMS 0x0000000706300000, 0x0000000706300000|
| 100|0x0000000706400000, 0x0000000706400000, 0x0000000706500000|  0%| F|  |TS  0|AC  0|TAMS 0x0000000706400000, 0x0000000706400000|
| 101|0x0000000706500000, 0x0000000706500000, 0x0000000706600000|  0%| F|  |TS  0|AC  0|TAMS 0x0000000706500000, 0x0000000706500000|
| 102|0x0000000706600000, 0x0000000706600000, 0x0000000706700000|  0%| F|  |TS  0|AC  0|TAMS 0x0000000706600000, 0x0000000706600000|
| 103|0x0000000706700000, 0x0000000706700000, 0x0000000706800000|  0%| F|  |TS  0|AC  0|TAMS 0x0000000706700000, 0x0000000706700000|
| 104|0x0000000706800000, 0x0000000706800000, 0x0000000706900000|  0%| F|  |TS  0|AC  0|TAMS 0x0000000706800000, 0x0000000706800000|
| 105|0x0000000706900000, 0x0000000706900000, 0x0000000706a00000|  0%| F|  |TS  0|AC  0|TAMS 0x0000000706900000, 0x0000000706900000|
| 106|0x0000000706a00000, 0x0000000706a00000, 0x0000000706b00000|  0%| F|  |TS  0|AC  0|TAMS 0x0000000706a00000, 0x0000000706a00000|
| 107|0x0000000706b00000, 0x0000000706b00000, 0x0000000706c00000|  0%| F|  |TS  0|AC  0|TAMS 0x0000000706b00000, 0x0000000706b00000|
| 108|0x0000000706c00000, 0x0000000706c00000, 0x0000000706d00000|  0%| F|  |TS  0|AC  0|TAMS 0x0000000706c00000, 0x0000000706c00000|
| 109|0x0000000706d00000, 0x0000000706d00000, 0x0000000706e00000|  0%| F|  |TS  0|AC  0|TAMS 0x0000000706d00000, 0x0000000706d00000|
| 110|0x0000000706e00000, 0x0000000706e00000, 0x0000000706f00000|  0%| F|  |TS  0|AC  0|TAMS 0x0000000706e00000, 0x0000000706e00000|
| 111|0x0000000706f00000, 0x0000000706f00000, 0x0000000707000000|  0%| F|  |TS  0|AC  0|TAMS 0x0000000706f00000, 0x0000000706f00000|
| 112|0x0000000707000000, 0x0000000707000000, 0x0000000707100000|  0%| F|  |TS  0|AC  0|TAMS 0x0000000707000000, 0x0000000707000000|
| 113|0x0000000707100000, 0x0000000707100000, 0x0000000707200000|  0%| F|  |TS  0|AC  0|TAMS 0x0000000707100000, 0x0000000707100000|
| 114|0x0000000707200000, 0x0000000707200000, 0x0000000707300000|  0%| F|  |TS  0|AC  0|TAMS 0x0000000707200000, 0x0000000707200000|
| 115|0x0000000707300000, 0x0000000707300000, 0x0000000707400000|  0%| F|  |TS  0|AC  0|TAMS 0x0000000707300000, 0x0000000707300000|
| 116|0x0000000707400000, 0x0000000707400000, 0x0000000707500000|  0%| F|  |TS  0|AC  0|TAMS 0x0000000707400000, 0x0000000707400000|
| 117|0x0000000707500000, 0x0000000707500000, 0x0000000707600000|  0%| F|  |TS  0|AC  0|TAMS 0x0000000707500000, 0x0000000707500000|
| 118|0x0000000707600000, 0x0000000707600000, 0x0000000707700000|  0%| F|  |TS  0|AC  0|TAMS 0x0000000707600000, 0x0000000707600000|
| 119|0x0000000707700000, 0x0000000707700000, 0x0000000707800000|  0%| F|  |TS  0|AC  0|TAMS 0x0000000707700000, 0x0000000707700000|
| 120|0x0000000707800000, 0x0000000707800000, 0x0000000707900000|  0%| F|  |TS  0|AC  0|TAMS 0x0000000707800000, 0x0000000707800000|
| 121|0x0000000707900000, 0x0000000707900000, 0x0000000707a00000|  0%| F|  |TS  0|AC  0|TAMS 0x0000000707900000, 0x0000000707900000|
| 122|0x0000000707a00000, 0x0000000707a00000, 0x0000000707b00000|  0%| F|  |TS  0|AC  0|TAMS 0x0000000707a00000, 0x0000000707a00000|
| 123|0x0000000707b00000, 0x0000000707b00000, 0x0000000707c00000|  0%| F|  |TS  0|AC  0|TAMS 0x0000000707b00000, 0x0000000707b00000|
| 124|0x0000000707c00000, 0x0000000707c00000, 0x0000000707d00000|  0%| F|  |TS  0|AC  0|TAMS 0x0000000707c00000, 0x0000000707c00000|
| 125|0x0000000707d00000, 0x0000000707d00000, 0x0000000707e00000|  0%| F|  |TS  0|AC  0|TAMS 0x0000000707d00000, 0x0000000707d00000|
| 126|0x0000000707e00000, 0x0000000707e00000, 0x0000000707f00000|  0%| F|  |TS  0|AC  0|TAMS 0x0000000707e00000, 0x0000000707e00000|
| 127|0x0000000707f00000, 0x0000000707f00000, 0x0000000708000000|  0%| F|  |TS  0|AC  0|TAMS 0x0000000707f00000, 0x0000000707f00000|
| 128|0x0000000708000000, 0x0000000708000000, 0x0000000708100000|  0%| F|  |TS  0|AC  0|TAMS 0x0000000708000000, 0x0000000708000000|
| 129|0x0000000708100000, 0x0000000708100000, 0x0000000708200000|  0%| F|  |TS  0|AC  0|TAMS 0x0000000708100000, 0x0000000708100000|
| 130|0x0000000708200000, 0x0000000708300000, 0x0000000708300000|100%|HS|  |TS  0|AC  0|TAMS 0x0000000708200000, 0x0000000708200000|
| 131|0x0000000708300000, 0x0000000708400000, 0x0000000708400000|100%|HC|  |TS  0|AC  0|TAMS 0x0000000708300000, 0x0000000708300000|
| 132|0x0000000708400000, 0x0000000708500000, 0x0000000708500000|100%|HC|  |TS  0|AC  0|TAMS 0x0000000708400000, 0x0000000708400000|
| 133|0x0000000708500000, 0x0000000708600000, 0x0000000708600000|100%|HC|  |TS  0|AC  0|TAMS 0x0000000708500000, 0x0000000708500000|
| 134|0x0000000708600000, 0x0000000708700000, 0x0000000708700000|100%|HC|  |TS  0|AC  0|TAMS 0x0000000708600000, 0x0000000708600000|
| 135|0x0000000708700000, 0x0000000708800000, 0x0000000708800000|100%|HC|  |TS  0|AC  0|TAMS 0x0000000708700000, 0x0000000708700000|
| 136|0x0000000708800000, 0x0000000708900000, 0x0000000708900000|100%|HC|  |TS  0|AC  0|TAMS 0x0000000708800000, 0x0000000708800000|
| 137|0x0000000708900000, 0x0000000708a00000, 0x0000000708a00000|100%|HC|  |TS  0|AC  0|TAMS 0x0000000708900000, 0x0000000708900000|
| 138|0x0000000708a00000, 0x0000000708a00000, 0x0000000708b00000|  0%| F|  |TS  0|AC  0|TAMS 0x0000000708a00000, 0x0000000708a00000|
| 139|0x0000000708b00000, 0x0000000708b00000, 0x0000000708c00000|  0%| F|  |TS  0|AC  0|TAMS 0x0000000708b00000, 0x0000000708b00000|
| 140|0x0000000708c00000, 0x0000000708c00000, 0x0000000708d00000|  0%| F|  |TS  0|AC  0|TAMS 0x0000000708c00000, 0x0000000708c00000|
| 141|0x0000000708d00000, 0x0000000708d00000, 0x0000000708e00000|  0%| F|  |TS  0|AC  0|TAMS 0x0000000708d00000, 0x0000000708d00000|
| 142|0x0000000708e00000, 0x0000000708e00000, 0x0000000708f00000|  0%| F|  |TS  0|AC  0|TAMS 0x0000000708e00000, 0x0000000708e00000|
| 143|0x0000000708f00000, 0x0000000708f00000, 0x0000000709000000|  0%| F|  |TS  0|AC  0|TAMS 0x0000000708f00000, 0x0000000708f00000|
| 144|0x0000000709000000, 0x0000000709000000, 0x0000000709100000|  0%| F|  |TS  0|AC  0|TAMS 0x0000000709000000, 0x0000000709000000|
| 145|0x0000000709100000, 0x0000000709100000, 0x0000000709200000|  0%| F|  |TS  0|AC  0|TAMS 0x0000000709100000, 0x0000000709100000|
| 146|0x0000000709200000, 0x0000000709200000, 0x0000000709300000|  0%| F|  |TS  0|AC  0|TAMS 0x0000000709200000, 0x0000000709200000|
| 147|0x0000000709300000, 0x0000000709300000, 0x0000000709400000|  0%| F|  |TS  0|AC  0|TAMS 0x0000000709300000, 0x0000000709300000|
| 148|0x0000000709400000, 0x0000000709400000, 0x0000000709500000|  0%| F|  |TS  0|AC  0|TAMS 0x0000000709400000, 0x0000000709400000|
| 149|0x0000000709500000, 0x0000000709500000, 0x0000000709600000|  0%| F|  |TS  0|AC  0|TAMS 0x0000000709500000, 0x0000000709500000|
| 150|0x0000000709600000, 0x0000000709600000, 0x0000000709700000|  0%| F|  |TS  0|AC  0|TAMS 0x0000000709600000, 0x0000000709600000|
| 151|0x0000000709700000, 0x0000000709700000, 0x0000000709800000|  0%| F|  |TS  0|AC  0|TAMS 0x0000000709700000, 0x0000000709700000|
| 152|0x0000000709800000, 0x0000000709800000, 0x0000000709900000|  0%| F|  |TS  0|AC  0|TAMS 0x0000000709800000, 0x0000000709800000|
| 153|0x0000000709900000, 0x0000000709900000, 0x0000000709a00000|  0%| F|  |TS  0|AC  0|TAMS 0x0000000709900000, 0x0000000709900000|
| 154|0x0000000709a00000, 0x0000000709a00000, 0x0000000709b00000|  0%| F|  |TS  0|AC  0|TAMS 0x0000000709a00000, 0x0000000709a00000|
| 155|0x0000000709b00000, 0x0000000709b00000, 0x0000000709c00000|  0%| F|  |TS  0|AC  0|TAMS 0x0000000709b00000, 0x0000000709b00000|
| 156|0x0000000709c00000, 0x0000000709c00000, 0x0000000709d00000|  0%| F|  |TS  0|AC  0|TAMS 0x0000000709c00000, 0x0000000709c00000|
| 157|0x0000000709d00000, 0x0000000709d00000, 0x0000000709e00000|  0%| F|  |TS  0|AC  0|TAMS 0x0000000709d00000, 0x0000000709d00000|
| 158|0x0000000709e00000, 0x0000000709e00000, 0x0000000709f00000|  0%| F|  |TS  0|AC  0|TAMS 0x0000000709e00000, 0x0000000709e00000|
| 159|0x0000000709f00000, 0x0000000709f00000, 0x000000070a000000|  0%| F|  |TS  0|AC  0|TAMS 0x0000000709f00000, 0x0000000709f00000|
| 160|0x000000070a000000, 0x000000070a000000, 0x000000070a100000|  0%| F|  |TS  0|AC  0|TAMS 0x000000070a000000, 0x000000070a000000|
| 161|0x000000070a100000, 0x000000070a100000, 0x000000070a200000|  0%| F|  |TS  0|AC  0|TAMS 0x000000070a100000, 0x000000070a100000|
| 162|0x000000070a200000, 0x000000070a200000, 0x000000070a300000|  0%| F|  |TS  0|AC  0|TAMS 0x000000070a200000, 0x000000070a200000|
| 163|0x000000070a300000, 0x000000070a300000, 0x000000070a400000|  0%| F|  |TS  0|AC  0|TAMS 0x000000070a300000, 0x000000070a300000|
| 164|0x000000070a400000, 0x000000070a400000, 0x000000070a500000|  0%| F|  |TS  0|AC  0|TAMS 0x000000070a400000, 0x000000070a400000|
| 165|0x000000070a500000, 0x000000070a500000, 0x000000070a600000|  0%| F|  |TS  0|AC  0|TAMS 0x000000070a500000, 0x000000070a500000|
| 166|0x000000070a600000, 0x000000070a600000, 0x000000070a700000|  0%| F|  |TS  0|AC  0|TAMS 0x000000070a600000, 0x000000070a600000|
| 167|0x000000070a700000, 0x000000070a700000, 0x000000070a800000|  0%| F|  |TS  0|AC  0|TAMS 0x000000070a700000, 0x000000070a700000|
| 168|0x000000070a800000, 0x000000070a800000, 0x000000070a900000|  0%| F|  |TS  0|AC  0|TAMS 0x000000070a800000, 0x000000070a800000|
| 169|0x000000070a900000, 0x000000070a900000, 0x000000070aa00000|  0%| F|  |TS  0|AC  0|TAMS 0x000000070a900000, 0x000000070a900000|
| 170|0x000000070aa00000, 0x000000070aa00000, 0x000000070ab00000|  0%| F|  |TS  0|AC  0|TAMS 0x000000070aa00000, 0x000000070aa00000|
| 171|0x000000070ab00000, 0x000000070ab00000, 0x000000070ac00000|  0%| F|  |TS  0|AC  0|TAMS 0x000000070ab00000, 0x000000070ab00000|
| 172|0x000000070ac00000, 0x000000070ac00000, 0x000000070ad00000|  0%| F|  |TS  0|AC  0|TAMS 0x000000070ac00000, 0x000000070ac00000|
| 173|0x000000070ad00000, 0x000000070ad00000, 0x000000070ae00000|  0%| F|  |TS  0|AC  0|TAMS 0x000000070ad00000, 0x000000070ad00000|
| 174|0x000000070ae00000, 0x000000070ae00000, 0x000000070af00000|  0%| F|  |TS  0|AC  0|TAMS 0x000000070ae00000, 0x000000070ae00000|
| 175|0x000000070af00000, 0x000000070af00000, 0x000000070b000000|  0%| F|  |TS  0|AC  0|TAMS 0x000000070af00000, 0x000000070af00000|
| 176|0x000000070b000000, 0x000000070b000000, 0x000000070b100000|  0%| F|  |TS  0|AC  0|TAMS 0x000000070b000000, 0x000000070b000000|
| 177|0x000000070b100000, 0x000000070b100000, 0x000000070b200000|  0%| F|  |TS  0|AC  0|TAMS 0x000000070b100000, 0x000000070b100000|
| 178|0x000000070b200000, 0x000000070b200000, 0x000000070b300000|  0%| F|  |TS  0|AC  0|TAMS 0x000000070b200000, 0x000000070b200000|
| 179|0x000000070b300000, 0x000000070b300000, 0x000000070b400000|  0%| F|  |TS  0|AC  0|TAMS 0x000000070b300000, 0x000000070b300000|
| 180|0x000000070b400000, 0x000000070b400000, 0x000000070b500000|  0%| F|  |TS  0|AC  0|TAMS 0x000000070b400000, 0x000000070b400000|
| 181|0x000000070b500000, 0x000000070b500000, 0x000000070b600000|  0%| F|  |TS  0|AC  0|TAMS 0x000000070b500000, 0x000000070b500000|
| 182|0x000000070b600000, 0x000000070b600000, 0x000000070b700000|  0%| F|  |TS  0|AC  0|TAMS 0x000000070b600000, 0x000000070b600000|
| 183|0x000000070b700000, 0x000000070b700000, 0x000000070b800000|  0%| F|  |TS  0|AC  0|TAMS 0x000000070b700000, 0x000000070b700000|
| 184|0x000000070b800000, 0x000000070b800000, 0x000000070b900000|  0%| F|  |TS  0|AC  0|TAMS 0x000000070b800000, 0x000000070b800000|
| 185|0x000000070b900000, 0x000000070b900000, 0x000000070ba00000|  0%| F|  |TS  0|AC  0|TAMS 0x000000070b900000, 0x000000070b900000|
| 186|0x000000070ba00000, 0x000000070ba00000, 0x000000070bb00000|  0%| F|  |TS  0|AC  0|TAMS 0x000000070ba00000, 0x000000070ba00000|
| 187|0x000000070bb00000, 0x000000070bb00000, 0x000000070bc00000|  0%| F|  |TS  0|AC  0|TAMS 0x000000070bb00000, 0x000000070bb00000|
| 188|0x000000070bc00000, 0x000000070bc00000, 0x000000070bd00000|  0%| F|  |TS  0|AC  0|TAMS 0x000000070bc00000, 0x000000070bc00000|
| 189|0x000000070bd00000, 0x000000070bd00000, 0x000000070be00000|  0%| F|  |TS  0|AC  0|TAMS 0x000000070bd00000, 0x000000070bd00000|
| 190|0x000000070be00000, 0x000000070be00000, 0x000000070bf00000|  0%| F|  |TS  0|AC  0|TAMS 0x000000070be00000, 0x000000070be00000|
| 191|0x000000070bf00000, 0x000000070bf00000, 0x000000070c000000|  0%| F|  |TS  0|AC  0|TAMS 0x000000070bf00000, 0x000000070bf00000|
| 192|0x000000070c000000, 0x000000070c000000, 0x000000070c100000|  0%| F|  |TS  0|AC  0|TAMS 0x000000070c000000, 0x000000070c000000|
| 193|0x000000070c100000, 0x000000070c100000, 0x000000070c200000|  0%| F|  |TS  0|AC  0|TAMS 0x000000070c100000, 0x000000070c100000|
| 194|0x000000070c200000, 0x000000070c200000, 0x000000070c300000|  0%| F|  |TS  0|AC  0|TAMS 0x000000070c200000, 0x000000070c200000|
| 195|0x000000070c300000, 0x000000070c300000, 0x000000070c400000|  0%| F|  |TS  0|AC  0|TAMS 0x000000070c300000, 0x000000070c300000|
| 196|0x000000070c400000, 0x000000070c400000, 0x000000070c500000|  0%| F|  |TS  0|AC  0|TAMS 0x000000070c400000, 0x000000070c400000|
| 197|0x000000070c500000, 0x000000070c500000, 0x000000070c600000|  0%| F|  |TS  0|AC  0|TAMS 0x000000070c500000, 0x000000070c500000|
| 198|0x000000070c600000, 0x000000070c600000, 0x000000070c700000|  0%| F|  |TS  0|AC  0|TAMS 0x000000070c600000, 0x000000070c600000|
| 199|0x000000070c700000, 0x000000070c704930, 0x000000070c800000|  1%| S|CS|TS 27|AC  0|TAMS 0x000000070c700000, 0x000000070c700000|
| 200|0x000000070c800000, 0x000000070c900000, 0x000000070c900000|100%| S|CS|TS 27|AC  0|TAMS 0x000000070c800000, 0x000000070c800000|
| 201|0x000000070c900000, 0x000000070c900000, 0x000000070ca00000|  0%| F|  |TS 27|AC  0|TAMS 0x000000070c900000, 0x000000070c900000|
| 202|0x000000070ca00000, 0x000000070ca00000, 0x000000070cb00000|  0%| F|  |TS 27|AC  0|TAMS 0x000000070ca00000, 0x000000070ca00000|
| 203|0x000000070cb00000, 0x000000070cb00000, 0x000000070cc00000|  0%| F|  |TS 27|AC  0|TAMS 0x000000070cb00000, 0x000000070cb00000|
| 204|0x000000070cc00000, 0x000000070cc00000, 0x000000070cd00000|  0%| F|  |TS 27|AC  0|TAMS 0x000000070cc00000, 0x000000070cc00000|
| 205|0x000000070cd00000, 0x000000070cd00000, 0x000000070ce00000|  0%| F|  |TS 27|AC  0|TAMS 0x000000070cd00000, 0x000000070cd00000|
| 206|0x000000070ce00000, 0x000000070ce00000, 0x000000070cf00000|  0%| F|  |TS 27|AC  0|TAMS 0x000000070ce00000, 0x000000070ce00000|
| 207|0x000000070cf00000, 0x000000070cf00000, 0x000000070d000000|  0%| F|  |TS 27|AC  0|TAMS 0x000000070cf00000, 0x000000070cf00000|
| 208|0x000000070d000000, 0x000000070d000000, 0x000000070d100000|  0%| F|  |TS 27|AC  0|TAMS 0x000000070d000000, 0x000000070d000000|
| 209|0x000000070d100000, 0x000000070d100000, 0x000000070d200000|  0%| F|  |TS 27|AC  0|TAMS 0x000000070d100000, 0x000000070d100000|
| 210|0x000000070d200000, 0x000000070d200000, 0x000000070d300000|  0%| F|  |TS 27|AC  0|TAMS 0x000000070d200000, 0x000000070d200000|
| 211|0x000000070d300000, 0x000000070d300000, 0x000000070d400000|  0%| F|  |TS 27|AC  0|TAMS 0x000000070d300000, 0x000000070d300000|
| 212|0x000000070d400000, 0x000000070d400000, 0x000000070d500000|  0%| F|  |TS 27|AC  0|TAMS 0x000000070d400000, 0x000000070d400000|
| 213|0x000000070d500000, 0x000000070d500000, 0x000000070d600000|  0%| F|  |TS 27|AC  0|TAMS 0x000000070d500000, 0x000000070d500000|
| 214|0x000000070d600000, 0x000000070d600000, 0x000000070d700000|  0%| F|  |TS 27|AC  0|TAMS 0x000000070d600000, 0x000000070d600000|
| 215|0x000000070d700000, 0x000000070d700000, 0x000000070d800000|  0%| F|  |TS 27|AC  0|TAMS 0x000000070d700000, 0x000000070d700000|
| 216|0x000000070d800000, 0x000000070d800000, 0x000000070d900000|  0%| F|  |TS 27|AC  0|TAMS 0x000000070d800000, 0x000000070d800000|
| 217|0x000000070d900000, 0x000000070d900000, 0x000000070da00000|  0%| F|  |TS 27|AC  0|TAMS 0x000000070d900000, 0x000000070d900000|
| 218|0x000000070da00000, 0x000000070da00000, 0x000000070db00000|  0%| F|  |TS 27|AC  0|TAMS 0x000000070da00000, 0x000000070da00000|
| 219|0x000000070db00000, 0x000000070db00000, 0x000000070dc00000|  0%| F|  |TS 27|AC  0|TAMS 0x000000070db00000, 0x000000070db00000|
| 220|0x000000070dc00000, 0x000000070dc00000, 0x000000070dd00000|  0%| F|  |TS 27|AC  0|TAMS 0x000000070dc00000, 0x000000070dc00000|
| 221|0x000000070dd00000, 0x000000070dd00000, 0x000000070de00000|  0%| F|  |TS 27|AC  0|TAMS 0x000000070dd00000, 0x000000070dd00000|
| 222|0x000000070de00000, 0x000000070de00000, 0x000000070df00000|  0%| F|  |TS 27|AC  0|TAMS 0x000000070de00000, 0x000000070de00000|
| 223|0x000000070df00000, 0x000000070df00000, 0x000000070e000000|  0%| F|  |TS 27|AC  0|TAMS 0x000000070df00000, 0x000000070df00000|
| 224|0x000000070e000000, 0x000000070e000000, 0x000000070e100000|  0%| F|  |TS 27|AC  0|TAMS 0x000000070e000000, 0x000000070e000000|
| 225|0x000000070e100000, 0x000000070e100000, 0x000000070e200000|  0%| F|  |TS 27|AC  0|TAMS 0x000000070e100000, 0x000000070e100000|
| 226|0x000000070e200000, 0x000000070e200000, 0x000000070e300000|  0%| F|  |TS 27|AC  0|TAMS 0x000000070e200000, 0x000000070e200000|
| 227|0x000000070e300000, 0x000000070e300000, 0x000000070e400000|  0%| F|  |TS 27|AC  0|TAMS 0x000000070e300000, 0x000000070e300000|
| 228|0x000000070e400000, 0x000000070e400000, 0x000000070e500000|  0%| F|  |TS 27|AC  0|TAMS 0x000000070e400000, 0x000000070e400000|
| 229|0x000000070e500000, 0x000000070e500000, 0x000000070e600000|  0%| F|  |TS 27|AC  0|TAMS 0x000000070e500000, 0x000000070e500000|
| 230|0x000000070e600000, 0x000000070e600000, 0x000000070e700000|  0%| F|  |TS 27|AC  0|TAMS 0x000000070e600000, 0x000000070e600000|
| 231|0x000000070e700000, 0x000000070e700000, 0x000000070e800000|  0%| F|  |TS 27|AC  0|TAMS 0x000000070e700000, 0x000000070e700000|
| 232|0x000000070e800000, 0x000000070e81cc58, 0x000000070e900000| 11%| E|  |TS 27|AC  0|TAMS 0x000000070e800000, 0x000000070e800000|
| 233|0x000000070e900000, 0x000000070ea00000, 0x000000070ea00000|100%| E|CS|TS 27|AC  0|TAMS 0x000000070e900000, 0x000000070e900000|
| 234|0x000000070ea00000, 0x000000070eb00000, 0x000000070eb00000|100%| E|CS|TS 27|AC  0|TAMS 0x000000070ea00000, 0x000000070ea00000|
| 235|0x000000070eb00000, 0x000000070ec00000, 0x000000070ec00000|100%| E|CS|TS 27|AC  0|TAMS 0x000000070eb00000, 0x000000070eb00000|
| 236|0x000000070ec00000, 0x000000070ed00000, 0x000000070ed00000|100%| E|CS|TS 27|AC  0|TAMS 0x000000070ec00000, 0x000000070ec00000|
| 237|0x000000070ed00000, 0x000000070ee00000, 0x000000070ee00000|100%| E|CS|TS 27|AC  0|TAMS 0x000000070ed00000, 0x000000070ed00000|
| 238|0x000000070ee00000, 0x000000070ef00000, 0x000000070ef00000|100%| E|CS|TS 27|AC  0|TAMS 0x000000070ee00000, 0x000000070ee00000|
| 239|0x000000070ef00000, 0x000000070f000000, 0x000000070f000000|100%| E|CS|TS 27|AC  0|TAMS 0x000000070ef00000, 0x000000070ef00000|
| 240|0x000000070f000000, 0x000000070f100000, 0x000000070f100000|100%| E|CS|TS 27|AC  0|TAMS 0x000000070f000000, 0x000000070f000000|
| 241|0x000000070f100000, 0x000000070f200000, 0x000000070f200000|100%| E|CS|TS 27|AC  0|TAMS 0x000000070f100000, 0x000000070f100000|
| 242|0x000000070f200000, 0x000000070f300000, 0x000000070f300000|100%| E|CS|TS 27|AC  0|TAMS 0x000000070f200000, 0x000000070f200000|
| 243|0x000000070f300000, 0x000000070f400000, 0x000000070f400000|100%| E|CS|TS 27|AC  0|TAMS 0x000000070f300000, 0x000000070f300000|
| 244|0x000000070f400000, 0x000000070f500000, 0x000000070f500000|100%| E|CS|TS 27|AC  0|TAMS 0x000000070f400000, 0x000000070f400000|
| 245|0x000000070f500000, 0x000000070f600000, 0x000000070f600000|100%| E|CS|TS 27|AC  0|TAMS 0x000000070f500000, 0x000000070f500000|
| 246|0x000000070f600000, 0x000000070f700000, 0x000000070f700000|100%| E|CS|TS 27|AC  0|TAMS 0x000000070f600000, 0x000000070f600000|
| 247|0x000000070f700000, 0x000000070f800000, 0x000000070f800000|100%| E|CS|TS 27|AC  0|TAMS 0x000000070f700000, 0x000000070f700000|
| 248|0x000000070f800000, 0x000000070f900000, 0x000000070f900000|100%| E|CS|TS 27|AC  0|TAMS 0x000000070f800000, 0x000000070f800000|
| 249|0x000000070f900000, 0x000000070fa00000, 0x000000070fa00000|100%| E|CS|TS 27|AC  0|TAMS 0x000000070f900000, 0x000000070f900000|
| 250|0x000000070fa00000, 0x000000070fb00000, 0x000000070fb00000|100%| E|CS|TS 27|AC  0|TAMS 0x000000070fa00000, 0x000000070fa00000|
| 251|0x000000070fb00000, 0x000000070fc00000, 0x000000070fc00000|100%| E|CS|TS 27|AC  0|TAMS 0x000000070fb00000, 0x000000070fb00000|
| 252|0x000000070fc00000, 0x000000070fd00000, 0x000000070fd00000|100%| E|CS|TS 27|AC  0|TAMS 0x000000070fc00000, 0x000000070fc00000|
| 253|0x000000070fd00000, 0x000000070fe00000, 0x000000070fe00000|100%| E|CS|TS 27|AC  0|TAMS 0x000000070fd00000, 0x000000070fd00000|
| 254|0x000000070fe00000, 0x000000070ff00000, 0x000000070ff00000|100%| E|CS|TS 27|AC  0|TAMS 0x000000070fe00000, 0x000000070fe00000|
| 255|0x000000070ff00000, 0x0000000710000000, 0x0000000710000000|100%| E|CS|TS 27|AC  0|TAMS 0x000000070ff00000, 0x000000070ff00000|
| 256|0x0000000710000000, 0x0000000710100000, 0x0000000710100000|100%| E|CS|TS 27|AC  0|TAMS 0x0000000710000000, 0x0000000710000000|
| 257|0x0000000710100000, 0x0000000710200000, 0x0000000710200000|100%| E|CS|TS 27|AC  0|TAMS 0x0000000710100000, 0x0000000710100000|
| 258|0x0000000710200000, 0x0000000710300000, 0x0000000710300000|100%| E|CS|TS 27|AC  0|TAMS 0x0000000710200000, 0x0000000710200000|
| 259|0x0000000710300000, 0x0000000710400000, 0x0000000710400000|100%| E|CS|TS 27|AC  0|TAMS 0x0000000710300000, 0x0000000710300000|
| 260|0x0000000710400000, 0x0000000710500000, 0x0000000710500000|100%| E|CS|TS 27|AC  0|TAMS 0x0000000710400000, 0x0000000710400000|

Card table byte_map: [0x000001cdfeb40000,0x000001cdff140000] byte_map_base: 0x000001cdfb340000

Marking Bits (Prev, Next): (CMBitMap*) 0x000001cdfac2b708, (CMBitMap*) 0x000001cdfac2b6d0
 Prev Bits: [0x000001cd98b40000, 0x000001cd9bb40000)
 Next Bits: [0x000001cd95b40000, 0x000001cd98b40000)

Polling page: 0x000001cdf4ba0000

CodeHeap 'non-profiled nmethods': size=120000Kb used=30668Kb max_used=30891Kb free=89331Kb
 bounds [0x000001cd8e610000, 0x000001cd90440000, 0x000001cd95b40000]
CodeHeap 'profiled nmethods': size=120000Kb used=42366Kb max_used=43842Kb free=77633Kb
 bounds [0x000001cd870e0000, 0x000001cd89d10000, 0x000001cd8e610000]
CodeHeap 'non-nmethods': size=5760Kb used=1792Kb max_used=1853Kb free=3967Kb
 bounds [0x000001cd86b40000, 0x000001cd86db0000, 0x000001cd870e0000]
 total_blobs=42283 nmethods=19912 adapters=1126
 compilation: enabled

Compilation events (10 events):
Event: 23503.978 Thread 0x000001cdfd188800 27829       1       java.awt.WaitDispatchSupport::access$800 (5 bytes)
Event: 23503.978 Thread 0x000001cdfd188800 nmethod 27829 0x000001cd8f0f0290 code [0x000001cd8f0f0440, 0x000001cd8f0f0538]
Event: 23503.978 Thread 0x000001cdfd188800 27830       1       java.awt.WaitDispatchSupport::access$700 (5 bytes)
Event: 23503.978 Thread 0x000001cdfd188800 nmethod 27830 0x000001cd8f0eff10 code [0x000001cd8f0f00c0, 0x000001cd8f0f01b8]
Event: 23503.985 Thread 0x000001cdfd188800 27831       3       java.awt.event.WindowAdapter::windowOpened (1 bytes)
Event: 23503.985 Thread 0x000001cdfd188800 nmethod 27831 0x000001cd87325790 code [0x000001cd87325940, 0x000001cd87325a98]
Event: 23505.408 Thread 0x000001cdfd188800 27832       3       ui.b.c.b.A::getMaxSelectionIndex (72 bytes)
Event: 23505.410 Thread 0x000001cdfd188800 nmethod 27832 0x000001cd885e2c90 code [0x000001cd885e2ee0, 0x000001cd885e3b60]
Event: 23511.305 Thread 0x000001cdfd188800 27833       3       ui.b.c.b.A::getMinSelectionIndex (71 bytes)
Event: 23511.306 Thread 0x000001cdfd188800 nmethod 27833 0x000001cd88842e10 code [0x000001cd88843060, 0x000001cd88843d00]

GC Heap History (10 events):
Event: 23500.689 GC heap before
{Heap before GC invocations=2382 (full 412):
 garbage-first heap   total 267264K, used 141220K [0x0000000700000000, 0x0000000700100828, 0x00000007c0000000)
  region size 1024K, 60 young (61440K), 1 survivors (1024K)
 Metaspace       used 85088K, capacity 86931K, committed 94412K, reserved 1130496K
  class space    used 10799K, capacity 11212K, committed 12800K, reserved 1048576K
}
Event: 23500.692 GC heap after
{Heap after GC invocations=2383 (full 412):
 garbage-first heap   total 267264K, used 80873K [0x0000000700000000, 0x0000000700100828, 0x00000007c0000000)
  region size 1024K, 1 young (1024K), 1 survivors (1024K)
 Metaspace       used 85088K, capacity 86931K, committed 94412K, reserved 1130496K
  class space    used 10799K, capacity 11212K, committed 12800K, reserved 1048576K
}
Event: 23502.386 GC heap before
{Heap before GC invocations=2383 (full 412):
 garbage-first heap   total 267264K, used 141289K [0x0000000700000000, 0x0000000700100828, 0x00000007c0000000)
  region size 1024K, 60 young (61440K), 1 survivors (1024K)
 Metaspace       used 85090K, capacity 86931K, committed 94412K, reserved 1130496K
  class space    used 10799K, capacity 11212K, committed 12800K, reserved 1048576K
}
Event: 23502.388 GC heap after
{Heap after GC invocations=2384 (full 412):
 garbage-first heap   total 267264K, used 80904K [0x0000000700000000, 0x0000000700100828, 0x00000007c0000000)
  region size 1024K, 1 young (1024K), 1 survivors (1024K)
 Metaspace       used 85090K, capacity 86931K, committed 94412K, reserved 1130496K
  class space    used 10799K, capacity 11212K, committed 12800K, reserved 1048576K
}
Event: 23502.553 GC heap before
{Heap before GC invocations=2384 (full 412):
 garbage-first heap   total 267264K, used 141320K [0x0000000700000000, 0x0000000700100828, 0x00000007c0000000)
  region size 1024K, 60 young (61440K), 1 survivors (1024K)
 Metaspace       used 85090K, capacity 86931K, committed 94412K, reserved 1130496K
  class space    used 10799K, capacity 11212K, committed 12800K, reserved 1048576K
}
Event: 23502.556 GC heap after
{Heap after GC invocations=2385 (full 412):
 garbage-first heap   total 267264K, used 80826K [0x0000000700000000, 0x0000000700100828, 0x00000007c0000000)
  region size 1024K, 1 young (1024K), 1 survivors (1024K)
 Metaspace       used 85090K, capacity 86931K, committed 94412K, reserved 1130496K
  class space    used 10799K, capacity 11212K, committed 12800K, reserved 1048576K
}
Event: 23502.601 GC heap before
{Heap before GC invocations=2385 (full 412):
 garbage-first heap   total 267264K, used 141242K [0x0000000700000000, 0x0000000700100828, 0x00000007c0000000)
  region size 1024K, 60 young (61440K), 1 survivors (1024K)
 Metaspace       used 85090K, capacity 86931K, committed 94412K, reserved 1130496K
  class space    used 10799K, capacity 11212K, committed 12800K, reserved 1048576K
}
Event: 23502.604 GC heap after
{Heap after GC invocations=2386 (full 412):
 garbage-first heap   total 267264K, used 80809K [0x0000000700000000, 0x0000000700100828, 0x00000007c0000000)
  region size 1024K, 1 young (1024K), 1 survivors (1024K)
 Metaspace       used 85090K, capacity 86931K, committed 94412K, reserved 1130496K
  class space    used 10799K, capacity 11212K, committed 12800K, reserved 1048576K
}
Event: 23507.738 GC heap before
{Heap before GC invocations=2386 (full 412):
 garbage-first heap   total 267264K, used 141225K [0x0000000700000000, 0x0000000700100828, 0x00000007c0000000)
  region size 1024K, 60 young (61440K), 1 survivors (1024K)
 Metaspace       used 85092K, capacity 86931K, committed 94412K, reserved 1130496K
  class space    used 10799K, capacity 11212K, committed 12800K, reserved 1048576K
}
Event: 23507.742 GC heap after
{Heap after GC invocations=2387 (full 412):
 garbage-first heap   total 267264K, used 80997K [0x0000000700000000, 0x0000000700100828, 0x00000007c0000000)
  region size 1024K, 2 young (2048K), 2 survivors (2048K)
 Metaspace       used 85092K, capacity 86931K, committed 94412K, reserved 1130496K
  class space    used 10799K, capacity 11212K, committed 12800K, reserved 1048576K
}

Deoptimization events (10 events):
Event: 23502.427 Thread 0x000001cd9f81b000 Uncommon trap: reason=unstable_if action=reinterpret pc=0x000001cd8f6368b0 method=ui.b.c.b.A.isSelectedIndex(I)Z @ 53 c2
Event: 23502.428 Thread 0x000001cd9f81b000 Uncommon trap: reason=bimorphic_or_optimized_type_check action=maybe_recompile pc=0x000001cd8f648c20 method=com.jidesoft.grid.TreeTableModel.getValueAt(II)Ljava/lang/Object; @ 21 c2
Event: 23502.428 Thread 0x000001cd9f81b000 Uncommon trap: reason=bimorphic_or_optimized_type_check action=maybe_recompile pc=0x000001cd8f64a1c4 method=ui.utils.k.j.aA.getValueAt(I)Ljava/lang/Object; @ 2 c2
Event: 23502.429 Thread 0x000001cd9f81b000 Uncommon trap: reason=bimorphic_or_optimized_type_check action=maybe_recompile pc=0x000001cd8f648c20 method=com.jidesoft.grid.TreeTableModel.getValueAt(II)Ljava/lang/Object; @ 21 c2
Event: 23502.429 Thread 0x000001cd9f81b000 Uncommon trap: reason=bimorphic_or_optimized_type_check action=maybe_recompile pc=0x000001cd8f64a1c4 method=ui.utils.k.j.aA.getValueAt(I)Ljava/lang/Object; @ 2 c2
Event: 23502.450 Thread 0x000001cd9f81b000 Uncommon trap: reason=bimorphic_or_optimized_type_check action=maybe_recompile pc=0x000001cd8ee96328 method=java.lang.Throwable.<init>()V @ 24 c2
Event: 23502.450 Thread 0x000001cd9f81b000 Uncommon trap: reason=bimorphic_or_optimized_type_check action=maybe_recompile pc=0x000001cd8ee96328 method=java.lang.Throwable.<init>()V @ 24 c2
Event: 23502.462 Thread 0x000001cd9f81b000 Uncommon trap: reason=unstable_if action=reinterpret pc=0x000001cd8f762228 method=ui.b.c.b.A.getMinSelectionIndex()I @ 49 c2
Event: 23502.462 Thread 0x000001cd9f81b000 Uncommon trap: reason=unstable_if action=reinterpret pc=0x000001cd8f7797e8 method=ui.b.c.b.A.getMaxSelectionIndex()I @ 50 c2
Event: 23502.463 Thread 0x000001cd9f81b000 Uncommon trap: reason=bimorphic_or_optimized_type_check action=maybe_recompile pc=0x000001cd8fa88068 method=com.jidesoft.grid.AbstractExpandable.getChildAt(I)Ljava/lang/Object; @ 61 c2

Classes redefined (0 events):
No events

Internal exceptions (10 events):
Event: 22931.425 Thread 0x000001cd9f81b000 Exception <a 'sun/nio/fs/WindowsException'{0x000000070e657a28}> (0x000000070e657a28) thrown at [t:/workspace/hotspot/src/share/vm/prims/jni.cpp, line 604]
Event: 22931.426 Thread 0x000001cd9f81b000 Exception <a 'sun/nio/fs/WindowsException'{0x000000070e657d58}> (0x000000070e657d58) thrown at [t:/workspace/hotspot/src/share/vm/prims/jni.cpp, line 604]
Event: 23069.919 Thread 0x000001cdaf71e000 Implicit null exception at 0x000001cd8efc4734 to 0x000001cd8efc6639
Event: 23502.422 Thread 0x000001cd9f81b000 Implicit null exception at 0x000001cd8f830f5f to 0x000001cd8f8318d5
Event: 23502.425 Thread 0x000001cd9f81b000 Implicit null exception at 0x000001cd8f1c8b97 to 0x000001cd8f1c9129
Event: 23502.427 Thread 0x000001cd9f81b000 Implicit null exception at 0x000001cd8f635f4b to 0x000001cd8f636885
Event: 23502.450 Thread 0x000001cd9f81b000 Exception <a 'sun/nio/fs/WindowsException'{0x000000070f738cb8}> (0x000000070f738cb8) thrown at [t:/workspace/hotspot/src/share/vm/prims/jni.cpp, line 604]
Event: 23502.450 Thread 0x000001cd9f81b000 Exception <a 'sun/nio/fs/WindowsException'{0x000000070f738fe8}> (0x000000070f738fe8) thrown at [t:/workspace/hotspot/src/share/vm/prims/jni.cpp, line 604]
Event: 23502.462 Thread 0x000001cd9f81b000 Implicit null exception at 0x000001cd8f761c2f to 0x000001cd8f7621ed
Event: 23502.462 Thread 0x000001cd9f81b000 Implicit null exception at 0x000001cd8f779277 to 0x000001cd8f7797bd

Events (10 events):
Event: 23508.719 Thread 0x000001cdb4541000 Thread added: 0x000001cdb4541000
Event: 23508.721 Thread 0x000001cdb4541000 Thread exited: 0x000001cdb4541000
Event: 23509.568 Thread 0x000001cdba410000 Thread added: 0x000001cdba410000
Event: 23509.570 Executing VM operation: RevokeBias
Event: 23509.570 Executing VM operation: RevokeBias done
Event: 23509.570 Thread 0x000001cdba410000 Thread exited: 0x000001cdba410000
Event: 23509.719 Thread 0x000001cdba411800 Thread added: 0x000001cdba411800
Event: 23509.723 Thread 0x000001cdba411800 Thread exited: 0x000001cdba411800
Event: 23510.720 Thread 0x000001cdba85e000 Thread added: 0x000001cdba85e000
Event: 23510.725 Thread 0x000001cdba85e000 Thread exited: 0x000001cdba85e000


Dynamic libraries:
0x00007ff662400000 - 0x00007ff662430000 	C:\Xilinx\Vivado\2019.2\bin\unwrapped\win64.o\vivado.exe
0x00007ffe4cf00000 - 0x00007ffe4d109000 	C:\WINDOWS\SYSTEM32\ntdll.dll
0x00007ffe4afb0000 - 0x00007ffe4b06d000 	C:\WINDOWS\System32\KERNEL32.DLL
0x00007ffe4a610000 - 0x00007ffe4a989000 	C:\WINDOWS\System32\KERNELBASE.dll
0x00007ffe4a4f0000 - 0x00007ffe4a601000 	C:\WINDOWS\System32\ucrtbase.dll
0x00007ffe3a020000 - 0x00007ffe3a0ad000 	C:\WINDOWS\SYSTEM32\MSVCP140.dll
0x00007ffe3a000000 - 0x00007ffe3a01b000 	C:\WINDOWS\SYSTEM32\VCRUNTIME140.dll
0x00007ffe39ff0000 - 0x00007ffe39ffc000 	C:\WINDOWS\SYSTEM32\VCRUNTIME140_1.dll
0x00007ffe358b0000 - 0x00007ffe358c6000 	C:\Xilinx\Vivado\2019.2\lib\win64.o\librdi_commonmain.dll
0x00007ffe23ee0000 - 0x00007ffe23ef4000 	C:\Xilinx\Vivado\2019.2\lib\win64.o\libboost_signals.dll
0x00007ffe22860000 - 0x00007ffe22886000 	C:\Xilinx\Vivado\2019.2\lib\win64.o\libboost_filesystem.dll
0x00007ffe4c080000 - 0x00007ffe4c12e000 	C:\WINDOWS\System32\ADVAPI32.dll
0x00007ffe4c7b0000 - 0x00007ffe4c853000 	C:\WINDOWS\System32\msvcrt.dll
0x00007ffe4ae30000 - 0x00007ffe4aece000 	C:\WINDOWS\System32\sechost.dll
0x00007ffe4cbe0000 - 0x00007ffe4cd00000 	C:\WINDOWS\System32\RPCRT4.dll
0x00007ffe34840000 - 0x00007ffe3484a000 	C:\Xilinx\Vivado\2019.2\lib\win64.o\librdi_commonversion.dll
0x00007ffe21420000 - 0x00007ffe215c1000 	C:\Xilinx\Vivado\2019.2\lib\win64.o\librdi_commonxillic.dll
0x00007ffe4be60000 - 0x00007ffe4c00c000 	C:\WINDOWS\System32\USER32.dll
0x00007ffe4abf0000 - 0x00007ffe4ac16000 	C:\WINDOWS\System32\win32u.dll
0x00007ffe4bd40000 - 0x00007ffe4bd69000 	C:\WINDOWS\System32\GDI32.dll
0x00007ffe4a990000 - 0x00007ffe4aaa2000 	C:\WINDOWS\System32\gdi32full.dll
0x00007ffe4a450000 - 0x00007ffe4a4ed000 	C:\WINDOWS\System32\msvcp_win.dll
0x00007ffe4c010000 - 0x00007ffe4c07f000 	C:\WINDOWS\System32\WS2_32.dll
0x00007ffe31ac0000 - 0x00007ffe31acb000 	C:\Xilinx\Vivado\2019.2\lib\win64.o\libboost_system.dll
0x00000000753b0000 - 0x00000000754db000 	C:\Xilinx\Vivado\2019.2\lib\win64.o\tcl85t.dll
0x00007ffdfe160000 - 0x00007ffdfe43b000 	C:\Xilinx\Vivado\2019.2\lib\win64.o\libXil_lmgr11.dll
0x00007ffe4bd70000 - 0x00007ffe4be5c000 	C:\WINDOWS\System32\COMDLG32.dll
0x00007ffe4c860000 - 0x00007ffe4cbd9000 	C:\WINDOWS\System32\combase.dll
0x00007ffe4b990000 - 0x00007ffe4ba7a000 	C:\WINDOWS\System32\shcore.dll
0x00007ffe4b090000 - 0x00007ffe4b0ed000 	C:\WINDOWS\System32\SHLWAPI.dll
0x00007ffe4b0f0000 - 0x00007ffe4b8a8000 	C:\WINDOWS\System32\SHELL32.dll
0x00007ffe4b8b0000 - 0x00007ffe4b986000 	C:\WINDOWS\System32\OLEAUT32.dll
0x00007ffe4c600000 - 0x00007ffe4c79a000 	C:\WINDOWS\System32\ole32.dll
0x00007ffe4a3e0000 - 0x00007ffe4a447000 	C:\WINDOWS\System32\WINTRUST.dll
0x00007ffe4ac20000 - 0x00007ffe4ad82000 	C:\WINDOWS\System32\CRYPT32.dll
0x00007ffe14e60000 - 0x00007ffe14f74000 	C:\Xilinx\Vivado\2019.2\lib\win64.o\libboost_regex.dll
0x00007ffdf12a0000 - 0x00007ffdf21e3000 	C:\Xilinx\Vivado\2019.2\lib\win64.o\librdi_common.dll
0x00007ffe49cd0000 - 0x00007ffe49cf7000 	C:\WINDOWS\SYSTEM32\bcrypt.dll
0x00007ffe39160000 - 0x00007ffe3917a000 	C:\WINDOWS\SYSTEM32\NETAPI32.dll
0x00007ffe29130000 - 0x00007ffe291e2000 	C:\WINDOWS\WinSxS\amd64_microsoft.windows.common-controls_6595b64144ccf1df_5.82.22000.1_none_271a8fad6a2d1b1e\COMCTL32.dll
0x00007ffe31a20000 - 0x00007ffe31a29000 	C:\WINDOWS\SYSTEM32\WSOCK32.dll
0x00007ffe45140000 - 0x00007ffe4515e000 	C:\WINDOWS\SYSTEM32\dhcpcsvc.DLL
0x00007ffe23bf0000 - 0x00007ffe23c04000 	C:\Xilinx\Vivado\2019.2\lib\win64.o\libboost_date_time.dll
0x00007ffdf0f30000 - 0x00007ffdf129e000 	C:\Xilinx\Vivado\2019.2\lib\win64.o\libCOIN-all.dll
0x00007ffe213f0000 - 0x00007ffe21411000 	C:\Xilinx\Vivado\2019.2\lib\win64.o\libboost_thread.dll
0x00007ffe21370000 - 0x00007ffe213ef000 	C:\Xilinx\Vivado\2019.2\lib\win64.o\libboost_program_options.dll
0x00007ffe2fda0000 - 0x00007ffe2fdaf000 	C:\Xilinx\Vivado\2019.2\lib\win64.o\libboost_xilinx.dll
0x00007ffe00b70000 - 0x00007ffe00bf2000 	C:\Xilinx\Vivado\2019.2\lib\win64.o\libhdlpsolve.dll
0x00007ffdf0330000 - 0x00007ffdf0f2c200 	C:\Xilinx\Vivado\2019.2\lib\win64.o\libisl_iostreams.dll
0x00007ffe00ac0000 - 0x00007ffe00b65000 	C:\Xilinx\Vivado\2019.2\lib\win64.o\libhdxml.dll
0x00007ffe14e30000 - 0x00007ffe14e5e000 	C:\Xilinx\Vivado\2019.2\lib\win64.o\libisl_sysinfo.dll
0x00007ffe23660000 - 0x00007ffe2367a000 	C:\Xilinx\Vivado\2019.2\lib\win64.o\pthreadVC2.dll
0x00007ffe232e0000 - 0x00007ffe232fc000 	C:\Xilinx\Vivado\2019.2\lib\win64.o\librdiconfig.dll
0x00007ffe30000000 - 0x00007ffe304fa000 	C:\WINDOWS\SYSTEM32\WININET.dll
0x00007ffe44690000 - 0x00007ffe4479c000 	C:\WINDOWS\SYSTEM32\WINHTTP.dll
0x00007ffe43ff0000 - 0x00007ffe441df000 	C:\WINDOWS\SYSTEM32\urlmon.dll
0x00007ffe0f280000 - 0x00007ffe0f2e5000 	C:\Xilinx\Vivado\2019.2\lib\win64.o\liblmx6.0.dll
0x00007ffe14e00000 - 0x00007ffe14e28000 	C:\WINDOWS\SYSTEM32\VCOMP140.DLL
0x00007ffe14500000 - 0x00007ffe14521000 	C:\Xilinx\Vivado\2019.2\lib\win64.o\librdizlib.dll
0x00007ffe2cda0000 - 0x00007ffe2cdad000 	C:\Xilinx\Vivado\2019.2\lib\win64.o\libboost_chrono.dll
0x00007ffe1b1d0000 - 0x00007ffe1b1eb000 	C:\Xilinx\Vivado\2019.2\lib\win64.o\libboost_iostreams.dll
0x00007ffe43d00000 - 0x00007ffe43fb3000 	C:\WINDOWS\SYSTEM32\iertutil.dll
0x00007ffe43fc0000 - 0x00007ffe43fe8000 	C:\WINDOWS\SYSTEM32\srvcli.dll
0x00007ffe49000000 - 0x00007ffe4900c000 	C:\WINDOWS\SYSTEM32\netutils.dll
0x00007ffe120d0000 - 0x00007ffe120f5000 	C:\Xilinx\Vivado\2019.2\lib\win64.o\libisl_iosutils.dll
0x00007ffdee4d0000 - 0x00007ffdef361000 	C:\Xilinx\Vivado\2019.2\lib\win64.o\gurobi65.dll
0x0000000012000000 - 0x0000000012270000 	C:\Xilinx\Vivado\2019.2\lib\win64.o\xerces-c_3_1.dll
0x00007ffe4bc30000 - 0x00007ffe4bc61000 	C:\WINDOWS\System32\IMM32.DLL
0x00007ffe49bb0000 - 0x00007ffe49bc2000 	C:\WINDOWS\SYSTEM32\MSASN1.dll
0x00007ffe494e0000 - 0x00007ffe494f8000 	C:\WINDOWS\SYSTEM32\kernel.appcore.dll
0x00007ffdefe10000 - 0x00007ffdf0327000 	C:\Xilinx\Vivado\2019.2\lib\win64.o\librdi_commontasks.dll
0x00007ffe3c5d0000 - 0x00007ffe3c5da000 	C:\WINDOWS\SYSTEM32\VERSION.dll
0x00007ffdefb20000 - 0x00007ffdefe03000 	C:\Xilinx\Vivado\2019.2\lib\win64.o\librdi_sio.dll
0x00007ffe49010000 - 0x00007ffe4903d000 	C:\WINDOWS\SYSTEM32\IPHLPAPI.DLL
0x0000000074980000 - 0x00000000753a5000 	C:\Xilinx\Vivado\2019.2\tps\win64\jre9.0.4\bin\server\jvm.dll
0x00007ffe4bd20000 - 0x00007ffe4bd28000 	C:\WINDOWS\System32\PSAPI.DLL
0x00007ffe3ab50000 - 0x00007ffe3ab83000 	C:\WINDOWS\SYSTEM32\WINMM.dll
0x00007ffe49910000 - 0x00007ffe49977000 	C:\WINDOWS\SYSTEM32\MSWSOCK.DLL
0x00007ffe015d0000 - 0x00007ffe016bf000 	C:\Xilinx\Vivado\2019.2\tps\win64\jre9.0.4\bin\MSVCR120.dll
0x00007ffe48550000 - 0x00007ffe48db8000 	C:\WINDOWS\SYSTEM32\windows.storage.dll
0x00007ffe483e0000 - 0x00007ffe48546000 	C:\WINDOWS\SYSTEM32\wintypes.dll
0x00007ffde0cb0000 - 0x00007ffde33f5000 	C:\Xilinx\Vivado\2019.2\lib\win64.o\librdi_tcltasks.dll
0x00007ffdfe0e0000 - 0x00007ffdfe15b000 	C:\Xilinx\Vivado\2019.2\lib\win64.o\librdi_boarddep.dll
0x00007ffdef660000 - 0x00007ffdefb14000 	C:\Xilinx\Vivado\2019.2\lib\win64.o\librdi_bitstream.dll
0x00007ffdef500000 - 0x00007ffdef652000 	C:\Xilinx\Vivado\2019.2\lib\win64.o\librdi_cd_client.dll
0x00007ffdee330000 - 0x00007ffdee4cd000 	C:\Xilinx\Vivado\2019.2\lib\win64.o\librdi_board.dll
0x00007ffdfd920000 - 0x00007ffdfda0f000 	C:\Xilinx\Vivado\2019.2\lib\win64.o\librdi_chipscope.dll
0x00007ffded510000 - 0x00007ffded6d0000 	C:\Xilinx\Vivado\2019.2\lib\win64.o\librdi_chipscopeimpl.dll
0x00007ffded1e0000 - 0x00007ffded504000 	C:\Xilinx\Vivado\2019.2\lib\win64.o\librdi_containers.dll
0x00007ffddc9e0000 - 0x00007ffde0cab000 	C:\Xilinx\Vivado\2019.2\lib\win64.o\librdi_designutils.dll
0x00007ffddaf00000 - 0x00007ffddc9da000 	C:\Xilinx\Vivado\2019.2\lib\win64.o\librdi_constraints.dll
0x00007ffdece90000 - 0x00007ffded1da000 	C:\Xilinx\Vivado\2019.2\lib\win64.o\librdi_dlyest.dll
0x00007ffdec8c0000 - 0x00007ffdece8d000 	C:\Xilinx\Vivado\2019.2\lib\win64.o\librdi_drc.dll
0x00007ffdd8f10000 - 0x00007ffddaf00000 	C:\Xilinx\Vivado\2019.2\lib\win64.o\librdi_coregen.dll
0x00007ffdede50000 - 0x00007ffdedf14000 	C:\Xilinx\Vivado\2019.2\lib\win64.o\librdi_dsp.dll
0x00007ffdd8c00000 - 0x00007ffdd8f10000 	C:\Xilinx\Vivado\2019.2\lib\win64.o\librdi_guitools.dll
0x00007ffdd8590000 - 0x00007ffdd8bfb000 	C:\Xilinx\Vivado\2019.2\lib\win64.o\librdi_filemgmt.dll
0x00007ffdfe070000 - 0x00007ffdfe0da000 	C:\Xilinx\Vivado\2019.2\lib\win64.o\librdi_hdf.dll
0x00007ffdec770000 - 0x00007ffdec8b8000 	C:\Xilinx\Vivado\2019.2\lib\win64.o\librdi_hip_perf_analysis.dll
0x00007ffdd8370000 - 0x00007ffdd8590000 	C:\Xilinx\Vivado\2019.2\lib\win64.o\librdi_hip_devdesign.dll
0x00007ffdd7c90000 - 0x00007ffdd8369000 	C:\Xilinx\Vivado\2019.2\lib\win64.o\librdi_coregenipxact.dll
0x00007ffda3dd0000 - 0x00007ffdb897b000 	C:\Xilinx\Vivado\2019.2\lib\win64.o\librdi_device.dll
0x00007ffdd6520000 - 0x00007ffdd7c8d000 	C:\Xilinx\Vivado\2019.2\lib\win64.o\librdi_implflow.dll
0x00007ffdd5ee0000 - 0x00007ffdd6511000 	C:\Xilinx\Vivado\2019.2\lib\win64.o\librdi_memdata.dll
0x00007ffdee170000 - 0x00007ffdee1e4000 	C:\Xilinx\Vivado\2019.2\lib\win64.o\librdi_memoryarray.dll
0x00007ffdd57f0000 - 0x00007ffdd5ed3000 	C:\Xilinx\Vivado\2019.2\lib\win64.o\librdi_netlist.dll
0x00007ffe0f410000 - 0x00007ffe0f45c000 	C:\Xilinx\Vivado\2019.2\lib\win64.o\librdi_pfi.dll
0x00007ffdd2a20000 - 0x00007ffdd57eb000 	C:\Xilinx\Vivado\2019.2\lib\win64.o\librdi_mig.dll
0x00007ffdd2210000 - 0x00007ffdd2a1b000 	C:\Xilinx\Vivado\2019.2\lib\win64.o\librdi_power.dll
0x00007ffdd1c50000 - 0x00007ffdd220a000 	C:\Xilinx\Vivado\2019.2\lib\win64.o\librdi_project.dll
0x00007ffdd1930000 - 0x00007ffdd1c4b000 	C:\Xilinx\Vivado\2019.2\lib\win64.o\librdi_platform.dll
0x00007ffdcf060000 - 0x00007ffdd1927000 	C:\Xilinx\Vivado\2019.2\lib\win64.o\librdi_place.dll
0x00007ffdec660000 - 0x00007ffdec768000 	C:\Xilinx\Vivado\2019.2\lib\win64.o\librdi_runsbase.dll
0x00007ffdce990000 - 0x00007ffdcf051000 	C:\Xilinx\Vivado\2019.2\lib\win64.o\librdi_rsb.dll
0x00007ffdce560000 - 0x00007ffdce983000 	C:\Xilinx\Vivado\2019.2\lib\win64.o\librdi_runs.dll
0x00007ffdcde20000 - 0x00007ffdce553000 	C:\Xilinx\Vivado\2019.2\lib\win64.o\librdi_psta.dll
0x00007ffdcdba0000 - 0x00007ffdcde15000 	C:\Xilinx\Vivado\2019.2\lib\win64.o\librdi_simdata.dll
0x00007ffdcda00000 - 0x00007ffdcdba0000 	C:\Xilinx\Vivado\2019.2\lib\win64.o\librdi_cd_protocol.dll
0x00007ffdcd850000 - 0x00007ffdcd9f1000 	C:\Xilinx\Vivado\2019.2\lib\win64.o\librdi_advchipscopeimpl.dll
0x00007ffe0ef70000 - 0x00007ffe0efbc000 	C:\Xilinx\Vivado\2019.2\lib\win64.o\libboost_serialization.dll
0x00007ffdcc9c0000 - 0x00007ffdcd84d000 	C:\Xilinx\Vivado\2019.2\lib\win64.o\librdi_timing.dll
0x00007ffdee010000 - 0x00007ffdee05a000 	C:\Xilinx\Vivado\2019.2\lib\win64.o\librdi_noc_frameworks.dll
0x00007ffdcbf80000 - 0x00007ffdcc4ce000 	C:\Xilinx\Vivado\2019.2\lib\win64.o\librdi_xdm.dll
0x00007ffdedd70000 - 0x00007ffdede47000 	C:\Xilinx\Vivado\2019.2\lib\win64.o\librdi_ipconfig_readwrite.dll
0x00007ffdcc7d0000 - 0x00007ffdcc9b4000 	C:\Xilinx\Vivado\2019.2\lib\win64.o\librdi_hip_config.dll
0x00007ffdcc730000 - 0x00007ffdcc7ce000 	C:\Xilinx\Vivado\2019.2\lib\win64.o\libise.dll
0x00007ffdedfc0000 - 0x00007ffdee00a000 	C:\Xilinx\Vivado\2019.2\lib\win64.o\librdi_wavedata_SimpleApi.dll
0x00007ffdcb960000 - 0x00007ffdcbf7b000 	C:\Xilinx\Vivado\2019.2\lib\win64.o\librdi_wavedata.dll

VM Arguments:
jvm_args: -Dsun.java2d.pmoffscreen=false -Dsun.java2d.xrender=false -Dsun.java2d.d3d=false -Dsun.awt.nopixfmt=true -Dsun.java2d.dpiaware=true -Dsun.java2d.uiScale.enabled=false -Xverify:none -Dswing.aatext=true -XX:-UsePerfData -Djdk.map.althashing.threshold=512 -XX:StringTableSize=4072 --add-opens=java.base/java.nio=ALL-UNNAMED --add-opens=java.desktop/sun.swing=ALL-UNNAMED --add-opens=java.desktop/javax.swing=ALL-UNNAMED --add-opens=java.desktop/javax.swing.tree=ALL-UNNAMED --add-opens=java.desktop/javax.swing.plaf.basic=ALL-UNNAMED --add-opens=java.desktop/javax.swing.plaf.synth=ALL-UNNAMED --add-opens=java.desktop/com.sun.awt=ALL-UNNAMED -XX:NewSize=60m -XX:MaxNewSize=60m -Xms128m -Xmx3072m -Xss5m 
java_command: <unknown>
java_class_path (initial): C:/Xilinx/Vivado/2019.2\lib\classes\alloy.jar;C:/Xilinx/Vivado/2019.2\lib\classes\autoesl-common.jar;C:/Xilinx/Vivado/2019.2\lib\classes\autoesl-models.jar;C:/Xilinx/Vivado/2019.2\lib\classes\autoesl-report.jar;C:/Xilinx/Vivado/2019.2\lib\classes\autopilot.scelaborator.jar;C:/Xilinx/Vivado/2019.2\lib\classes\autopilot.sourceprocessor.jar;C:/Xilinx/Vivado/2019.2\lib\classes\autopilot.tbprocessor.jar;C:/Xilinx/Vivado/2019.2\lib\classes\batik-anim.jar;C:/Xilinx/Vivado/2019.2\lib\classes\batik-awt-util.jar;C:/Xilinx/Vivado/2019.2\lib\classes\batik-bridge.jar;C:/Xilinx/Vivado/2019.2\lib\classes\batik-codec.jar;C:/Xilinx/Vivado/2019.2\lib\classes\batik-css.jar;C:/Xilinx/Vivado/2019.2\lib\classes\batik-dom.jar;C:/Xilinx/Vivado/2019.2\lib\classes\batik-ext.jar;C:/Xilinx/Vivado/2019.2\lib\classes\batik-gui-util.jar;C:/Xilinx/Vivado/2019.2\lib\classes\batik-gvt.jar;C:/Xilinx/Vivado/2019.2\lib\classes\batik-parser.jar;C:/Xilinx/Vivado/2019.2\lib\classes\batik-script.jar;C:/Xilinx/Vivado/2019.2\lib\classes\batik-svg-dom.jar;C:/Xilinx/Vivado/2019.2\lib\classes\batik-swing.jar;C:/Xilinx/Vivado/2019.2\lib\classes\batik-transcoder.jar;C:/Xilinx/Vivado/2019.2\lib\classes\batik-util.jar;C:/Xilinx/Vivado/2019.2\lib\classes\batik-xml.jar;C:/Xilinx/Vivado/2019.2\lib\classes\com.google.gson_2.7.0.v20170129-0911.jar;C:/Xilinx/Vivado/2019.2\lib\classes\com.google.guava_21.0.0.v20170206-1425.jar;C:/Xilinx/Vivado/2019.2\lib\classes\com.ibm.icu_4.4.2.v20110208.jar;C:/Xilinx/Vivado/2019.2\lib\classes\com.sigasi.hdt.connection_4.5.0.201909241521.jar;C:/Xilinx/Vivado/2019.2\lib\classes\com.sigasi.hdt.epl_4.5.0.201909241521.jar;C:/Xilinx/Vivado/2019.2\lib\classes\com.sigasi.hdt.project_4.5.0.201909241521.jar;C:/Xilinx/Vivado/2019.2\lib\classes\com.sigasi.hdt.readonlyfilesystem_4.5.0.201909241521.jar;C:/Xilinx/Vivado/2019.2\lib\classes\com.sigasi.lcm_4.5.0.201909241521.jar;C:/Xilinx/Vivado/2019.2\lib\classes\com.sigasi.sdk.client_4.5.0.201909241521.jar;C:/Xilinx/Vivado
Launcher Type: generic

Logging:
Log output configuration:
#0: stdout all=warning uptime,level,tags
#1: stderr all=off uptime,level,tags

Environment Variables:
PATH=C:/Xilinx/Vivado/2019.2\gnuwin\bin;C:/Xilinx/Vivado/2019.2\gnu\microblaze\nt\bin;C:/Xilinx/Vivado/2019.2/bin;C:/Xilinx/Vivado/2019.2/lib/win64.o;C:/Xilinx/Vivado/2019.2/tps/win64/jre9.0.4/bin/server;C:/Xilinx/Vivado/2019.2/tps/win64/jre9.0.4/bin;C:/Xilinx/Vivado/2019.2/ids_lite/ISE/bin/nt64;C:/Xilinx/Vivado/2019.2/ids_lite/ISE/lib/nt64;C:\WINDOWS\system32;C:\WINDOWS;C:\WINDOWS\System32\Wbem;C:\WINDOWS\System32\WindowsPowerShell\v1.0\;C:\WINDOWS\System32\OpenSSH\;C:\Users\18521\AppData\Local\Microsoft\WindowsApps;C:\Users\18521\AppData\Local\Programs\Microsoft VS Code\bin;C:\Users\18521\AppData\Local\GitHubDesktop\bin;C:/Xilinx/Vivado/2019.2\tps\mingw\6.2.0\win64.o\nt\bin;C:/Xilinx/Vivado/2019.2\tps\mingw\6.2.0\win64.o\nt\libexec\gcc\x86_64-w64-mingw32\6.2.0;C:/Xilinx/Vivado/2019.2\tps\win64\python-2.7.5;C:/Xilinx/Vivado/2019.2\tps\win64\python-2.7.5\bin;C:/Xilinx/Vivado/2019.2\tps\win64\python-2.7.5\lib;C:/Xilinx/Vivado/2019.2\tps\win64\python-2.7.5\Lib\lib-tk;C:/Xilinx/Vivado/2019.2\tps\win64\python-2.7.5\lib\site-packages
USERNAME=18521
OS=Windows_NT
PROCESSOR_IDENTIFIER=Intel64 Family 6 Model 126 Stepping 5, GenuineIntel



---------------  S Y S T E M  ---------------

OS: Windows 10 , 64 bit Build 22000 (10.0.22000.708)

CPU:total 8 (initial active 8) (4 cores per cpu, 2 threads per core) family 6 model 126 stepping 5, cmov, cx8, fxsr, mmx, sse, sse2, sse3, ssse3, sse4.1, sse4.2, popcnt, avx, avx2, aes, clmul, erms, 3dnowpref, lzcnt, ht, tsc, tscinvbit, bmi1, bmi2, adx, sha, fma

Memory: 4k page, physical 3978360k(414616k free), swap 13415544k(5582668k free)

vm_info: Java HotSpot(TM) 64-Bit Server VM (9.0.4+11) for windows-amd64 JRE (9.0.4+11), built on Dec 20 2017 02:18:54 by "mach5one" with MS VC++ 12.0 (VS2013)

END.
